\BOOKMARK [0][-]{chapter.1}{\376\377\000A\000l\000g\000o\000r\000i\000t\000m\000a\000\040\000P\000a\000t\000h\000f\000i\000n\000d\000i\000n\000g}{}% 1
\BOOKMARK [1][-]{section.1.1}{\376\377\000R\000e\000p\000r\000e\000s\000e\000n\000t\000a\000s\000i\000\040\000S\000t\000a\000t\000e}{chapter.1}% 2
\BOOKMARK [1][-]{section.1.2}{\376\377\000M\000e\000k\000a\000n\000i\000s\000m\000e\000\040\000E\000k\000s\000p\000a\000n\000s\000i\000\040\000S\000t\000a\000t\000e}{chapter.1}% 3
\BOOKMARK [1][-]{section.1.3}{\376\377\000U\000n\000i\000f\000o\000r\000m\000\040\000C\000o\000s\000t\000\040\000S\000e\000a\000r\000c\000h}{chapter.1}% 4
\BOOKMARK [2][-]{subsection.1.3.1}{\376\377\000L\000a\000n\000g\000k\000a\000h\000\040\000K\000e\000r\000j\000a\000\040\000U\000C\000S}{section.1.3}% 5
\BOOKMARK [2][-]{subsection.1.3.2}{\376\377\000S\000t\000r\000u\000k\000t\000u\000r\000\040\000D\000a\000t\000a\000\040\000U\000C\000S}{section.1.3}% 6
\BOOKMARK [2][-]{subsection.1.3.3}{\376\377\000K\000e\000l\000e\000b\000i\000h\000a\000n\000\040\000d\000a\000n\000\040\000K\000e\000k\000u\000r\000a\000n\000g\000a\000n\000\040\000U\000C\000S}{section.1.3}% 7
\BOOKMARK [1][-]{section.1.4}{\376\377\000G\000r\000e\000e\000d\000y\000\040\000B\000e\000s\000t\000-\000F\000i\000r\000s\000t\000\040\000S\000e\000a\000r\000c\000h}{chapter.1}% 8
\BOOKMARK [2][-]{subsection.1.4.1}{\376\377\000L\000a\000n\000g\000k\000a\000h\000\040\000K\000e\000r\000j\000a\000\040\000G\000B\000F\000S}{section.1.4}% 9
\BOOKMARK [2][-]{subsection.1.4.2}{\376\377\000H\000e\000u\000r\000i\000s\000t\000i\000k\000\040\000p\000a\000d\000a\000\040\000G\000B\000F\000S}{section.1.4}% 10
\BOOKMARK [2][-]{subsection.1.4.3}{\376\377\000K\000e\000l\000e\000b\000i\000h\000a\000n\000\040\000d\000a\000n\000\040\000K\000e\000k\000u\000r\000a\000n\000g\000a\000n\000\040\000G\000B\000F\000S}{section.1.4}% 11
\BOOKMARK [1][-]{section.1.5}{\376\377\000A\000*}{chapter.1}% 12
\BOOKMARK [2][-]{subsection.1.5.1}{\376\377\000L\000a\000n\000g\000k\000a\000h\000\040\000K\000e\000r\000j\000a\000\040\000A\000*}{section.1.5}% 13
\BOOKMARK [2][-]{subsection.1.5.2}{\376\377\000P\000e\000r\000a\000n\000\040\000g\000\050\000n\000\051\000,\000\040\000h\000\050\000n\000\051\000,\000\040\000d\000a\000n\000\040\000f\000\050\000n\000\051}{section.1.5}% 14
\BOOKMARK [2][-]{subsection.1.5.3}{\376\377\000S\000t\000r\000u\000k\000t\000u\000r\000\040\000D\000a\000t\000a\000\040\000A\000*}{section.1.5}% 15
\BOOKMARK [2][-]{subsection.1.5.4}{\376\377\000K\000e\000l\000e\000b\000i\000h\000a\000n\000\040\000d\000a\000n\000\040\000K\000e\000k\000u\000r\000a\000n\000g\000a\000n\000\040\000A\000*}{section.1.5}% 16
\BOOKMARK [1][-]{section.1.6}{\376\377\000W\000e\000i\000g\000h\000t\000e\000d\000\040\000A\000*}{chapter.1}% 17
\BOOKMARK [2][-]{subsection.1.6.1}{\376\377\000P\000e\000r\000b\000e\000d\000a\000a\000n\000\040\000W\000e\000i\000g\000h\000t\000e\000d\000\040\000A\000*\000\040\000d\000e\000n\000g\000a\000n\000\040\000A\000*\000\040\000B\000i\000a\000s\000a}{section.1.6}% 18
\BOOKMARK [2][-]{subsection.1.6.2}{\376\377\000S\000t\000r\000u\000k\000t\000u\000r\000\040\000D\000a\000t\000a\000\040\000U\000t\000a\000m\000a}{section.1.6}% 19
\BOOKMARK [2][-]{subsection.1.6.3}{\376\377\000A\000l\000u\000r\000\040\000K\000e\000r\000j\000a\000\040\000W\000e\000i\000g\000h\000t\000e\000d\000\040\000A\000*}{section.1.6}% 20
\BOOKMARK [2][-]{subsection.1.6.4}{\376\377\000K\000e\000l\000e\000b\000i\000h\000a\000n\000\040\000d\000a\000n\000\040\000K\000e\000k\000u\000r\000a\000n\000g\000a\000n\000\040\000W\000e\000i\000g\000h\000t\000e\000d\000\040\000A\000*}{section.1.6}% 21
\BOOKMARK [1][-]{section.1.7}{\376\377\000P\000e\000r\000b\000a\000n\000d\000i\000n\000g\000a\000n\000\040\000U\000C\000S\000,\000\040\000G\000B\000F\000S\000,\000\040\000A\000*\000,\000\040\000d\000a\000n\000\040\000W\000e\000i\000g\000h\000t\000e\000d\000\040\000A\000*}{chapter.1}% 22
\BOOKMARK [0][-]{chapter.2}{\376\377\000A\000n\000a\000l\000i\000s\000a\000\040\000A\000l\000g\000o\000r\000i\000t\000m\000a\000\040\000P\000a\000t\000h\000f\000i\000n\000d\000i\000n\000g}{}% 23
\BOOKMARK [1][-]{section.2.1}{\376\377\000D\000e\000f\000i\000n\000i\000s\000i\000\040\000C\000o\000s\000t\000\040\000d\000a\000n\000\040\000F\000u\000n\000g\000s\000i\000\040\000E\000v\000a\000l\000u\000a\000s\000i}{chapter.2}% 24
\BOOKMARK [2][-]{subsection.2.1.1}{\376\377\000D\000e\000f\000i\000n\000i\000s\000i\000\040\000g\000\050\000n\000\051\000,\000\040\000h\000\050\000n\000\051\000,\000\040\000d\000a\000n\000\040\000f\000\050\000n\000\051}{section.2.1}% 25
\BOOKMARK [2][-]{subsection.2.1.2}{\376\377\000P\000e\000r\000b\000e\000d\000a\000a\000n\000\040\000U\000t\000a\000m\000a\000\040\000F\000u\000n\000g\000s\000i\000\040\000E\000v\000a\000l\000u\000a\000s\000i}{section.2.1}% 26
\BOOKMARK [2][-]{subsection.2.1.3}{\376\377\000C\000o\000n\000t\000o\000h\000\040\000K\000o\000n\000s\000e\000p\000t\000u\000a\000l\000\040\000P\000e\000m\000i\000l\000i\000h\000a\000n\000\040\000S\000t\000a\000t\000e}{section.2.1}% 27
\BOOKMARK [2][-]{subsection.2.1.4}{\376\377\000I\000n\000t\000e\000r\000p\000r\000e\000t\000a\000s\000i\000\040\000F\000u\000n\000g\000s\000i\000\040\000E\000v\000a\000l\000u\000a\000s\000i\000\040\000p\000a\000d\000a\000\040\000I\000c\000e\000\040\000S\000l\000i\000d\000i\000n\000g\000\040\000P\000u\000z\000z\000l\000e}{section.2.1}% 28
\BOOKMARK [1][-]{section.2.2}{\376\377\000A\000n\000a\000l\000i\000s\000i\000s\000\040\000H\000e\000u\000r\000i\000s\000t\000i\000k}{chapter.2}% 29
\BOOKMARK [2][-]{subsection.2.2.1}{\376\377\000H\000e\000u\000r\000i\000s\000t\000i\000k\000\040\000M\000a\000n\000h\000a\000t\000t\000a\000n}{section.2.2}% 30
\BOOKMARK [2][-]{subsection.2.2.2}{\376\377\000H\000e\000u\000r\000i\000s\000t\000i\000k\000\040\000C\000u\000s\000t\000o\000m}{section.2.2}% 31
\BOOKMARK [2][-]{subsection.2.2.3}{\376\377\000H\000e\000u\000r\000i\000s\000t\000i\000k\000\040\000A\000d\000v\000a\000n\000c\000e\000d}{section.2.2}% 32
\BOOKMARK [2][-]{subsection.2.2.4}{\376\377\000P\000e\000r\000b\000a\000n\000d\000i\000n\000g\000a\000n\000\040\000H\000e\000u\000r\000i\000s\000t\000i\000k}{section.2.2}% 33
\BOOKMARK [2][-]{subsection.2.2.5}{\376\377\000A\000s\000p\000e\000k\000\040\000y\000a\000n\000g\000\040\000D\000i\000p\000e\000r\000t\000i\000m\000b\000a\000n\000g\000k\000a\000n\000\040\000H\000e\000u\000r\000i\000s\000t\000i\000k}{section.2.2}% 34
\BOOKMARK [2][-]{subsection.2.2.6}{\376\377\000A\000d\000m\000i\000s\000s\000i\000b\000i\000l\000i\000t\000y\000\040\000H\000e\000u\000r\000i\000s\000t\000i\000k\000\040\000A\000*}{section.2.2}% 35
\BOOKMARK [2][-]{subsection.2.2.7}{\376\377\000K\000o\000n\000s\000i\000s\000t\000e\000n\000s\000i\000\040\000H\000e\000u\000r\000i\000s\000t\000i\000k}{section.2.2}% 36
\BOOKMARK [1][-]{section.2.3}{\376\377\000A\000n\000a\000l\000i\000s\000i\000s\000\040\000O\000p\000t\000i\000m\000a\000l\000i\000t\000a\000s}{chapter.2}% 37
\BOOKMARK [1][-]{section.2.4}{\376\377\000A\000n\000a\000l\000i\000s\000i\000s\000\040\000K\000o\000m\000p\000l\000e\000k\000s\000i\000t\000a\000s}{chapter.2}% 38
\BOOKMARK [1][-]{section.2.5}{\376\377\000A\000n\000a\000l\000i\000s\000i\000s\000\040\000S\000t\000a\000t\000e\000\040\000S\000p\000a\000c\000e}{chapter.2}% 39
\BOOKMARK [1][-]{section.2.6}{\376\377\000P\000e\000r\000b\000a\000n\000d\000i\000n\000g\000a\000n\000\040\000T\000e\000o\000r\000i\000t\000i\000s\000\040\000A\000l\000g\000o\000r\000i\000t\000m\000a}{chapter.2}% 40
\BOOKMARK [2][-]{subsection.2.6.1}{\376\377\000U\000C\000S\000\040\000v\000s\000\040\000G\000B\000F\000S}{section.2.6}% 41
\BOOKMARK [2][-]{subsection.2.6.2}{\376\377\000U\000C\000S\000\040\000v\000s\000\040\000A\000*}{section.2.6}% 42
\BOOKMARK [2][-]{subsection.2.6.3}{\376\377\000G\000B\000F\000S\000\040\000v\000s\000\040\000A\000*}{section.2.6}% 43
\BOOKMARK [2][-]{subsection.2.6.4}{\376\377\000A\000*\000\040\000v\000s\000\040\000W\000e\000i\000g\000h\000t\000e\000d\000\040\000A\000*}{section.2.6}% 44
\BOOKMARK [1][-]{section.2.7}{\376\377\000A\000n\000a\000l\000i\000s\000i\000s\000\040\000K\000h\000u\000s\000u\000s\000\040\000I\000c\000e\000\040\000S\000l\000i\000d\000i\000n\000g\000\040\000P\000u\000z\000z\000l\000e}{chapter.2}% 45
\BOOKMARK [0][-]{chapter.3}{\376\377\000I\000m\000p\000l\000e\000m\000e\000n\000t\000a\000s\000i}{}% 46
\BOOKMARK [1][-]{section.3.1}{\376\377\000I\000n\000f\000o\000r\000m\000a\000s\000i\000\040\000U\000m\000u\000m\000\040\000P\000r\000o\000g\000r\000a\000m}{chapter.3}% 47
\BOOKMARK [1][-]{section.3.2}{\376\377\000S\000t\000r\000u\000k\000t\000u\000r\000\040\000F\000o\000l\000d\000e\000r\000\040\000R\000e\000p\000o\000s\000i\000t\000o\000r\000y}{chapter.3}% 48
\BOOKMARK [1][-]{section.3.3}{\376\377\000S\000t\000r\000u\000k\000t\000u\000r\000\040\000S\000o\000u\000r\000c\000e\000\040\000C\000o\000d\000e}{chapter.3}% 49
\BOOKMARK [1][-]{section.3.4}{\376\377\000M\000o\000d\000u\000l\000\040\000d\000a\000n\000\040\000C\000l\000a\000s\000s\000\040\000U\000t\000a\000m\000a}{chapter.3}% 50
\BOOKMARK [1][-]{section.3.5}{\376\377\000R\000e\000l\000a\000s\000i\000\040\000A\000n\000t\000a\000r\000\040\000M\000o\000d\000u\000l}{chapter.3}% 51
\BOOKMARK [1][-]{section.3.6}{\376\377\000P\000e\000n\000j\000e\000l\000a\000s\000a\000n\000\040\000P\000e\000r\000a\000n\000\040\000S\000o\000u\000r\000c\000e\000\040\000C\000o\000d\000e}{chapter.3}% 52
\BOOKMARK [1][-]{section.3.7}{\376\377\000I\000n\000t\000e\000r\000f\000a\000c\000e\000\040\000S\000o\000l\000v\000e\000r}{chapter.3}% 53
\BOOKMARK [1][-]{section.3.8}{\376\377\000I\000m\000p\000l\000e\000m\000e\000n\000t\000a\000s\000i\000\040\000U\000n\000i\000f\000o\000r\000m\000\040\000C\000o\000s\000t\000\040\000S\000e\000a\000r\000c\000h}{chapter.3}% 54
\BOOKMARK [1][-]{section.3.9}{\376\377\000I\000m\000p\000l\000e\000m\000e\000n\000t\000a\000s\000i\000\040\000G\000r\000e\000e\000d\000y\000\040\000B\000e\000s\000t\000-\000F\000i\000r\000s\000t\000\040\000S\000e\000a\000r\000c\000h}{chapter.3}% 55
\BOOKMARK [1][-]{section.3.10}{\376\377\000I\000m\000p\000l\000e\000m\000e\000n\000t\000a\000s\000i\000\040\000A\000*}{chapter.3}% 56
\BOOKMARK [1][-]{section.3.11}{\376\377\000I\000m\000p\000l\000e\000m\000e\000n\000t\000a\000s\000i\000\040\000W\000e\000i\000g\000h\000t\000e\000d\000\040\000A\000*}{chapter.3}% 57
\BOOKMARK [1][-]{section.3.12}{\376\377\000M\000e\000k\000a\000n\000i\000s\000m\000e\000\040\000G\000o\000a\000l\000\040\000d\000a\000n\000\040\000H\000a\000s\000i\000l\000\040\000P\000e\000n\000c\000a\000r\000i\000a\000n}{chapter.3}% 58
\BOOKMARK [1][-]{section.3.13}{\376\377\000B\000u\000k\000t\000i\000\040\000P\000r\000o\000g\000r\000a\000m\000\040\000D\000a\000p\000a\000t\000\040\000D\000i\000j\000a\000l\000a\000n\000k\000a\000n}{chapter.3}% 59
\BOOKMARK [2][-]{subsection.3.13.1}{\376\377\000C\000o\000n\000t\000o\000h\000\040\000I\000n\000p\000u\000t\000\040\000F\000i\000l\000e}{section.3.13}% 60
\BOOKMARK [2][-]{subsection.3.13.2}{\376\377\000C\000o\000n\000t\000o\000h\000\040\000O\000u\000t\000p\000u\000t\000\040\000S\000i\000n\000g\000k\000a\000t}{section.3.13}% 61
\BOOKMARK [0][-]{chapter.4}{\376\377\000E\000k\000s\000p\000e\000r\000i\000m\000e\000n}{}% 62
\BOOKMARK [1][-]{section.4.1}{\376\377\000T\000a\000n\000g\000k\000a\000p\000a\000n\000\040\000L\000a\000y\000a\000r\000\040\000I\000n\000p\000u\000t\000\040\000d\000a\000n\000\040\000O\000u\000t\000p\000u\000t}{chapter.4}% 63
\BOOKMARK [2][-]{subsection.4.1.1}{\376\377\000T\000e\000s\000t\000\040\000C\000a\000s\000e\000\040\0008}{section.4.1}% 64
\BOOKMARK [2][-]{subsection.4.1.2}{\376\377\000T\000e\000s\000t\000\040\000C\000a\000s\000e\000\040\0001\0007}{section.4.1}% 65
\BOOKMARK [2][-]{subsection.4.1.3}{\376\377\000T\000e\000s\000t\000\040\000C\000a\000s\000e\000\040\0002\0000}{section.4.1}% 66
\BOOKMARK [2][-]{subsection.4.1.4}{\376\377\000T\000e\000s\000t\000\040\000C\000a\000s\000e\000\040\0002\0004}{section.4.1}% 67
\BOOKMARK [2][-]{subsection.4.1.5}{\376\377\000T\000e\000s\000t\000\040\000C\000a\000s\000e\000\040\0002\0005}{section.4.1}% 68
\BOOKMARK [1][-]{section.4.2}{\376\377\000R\000i\000n\000g\000k\000a\000s\000a\000n\000\040\000H\000a\000s\000i\000l\000\040\000T\000a\000n\000g\000k\000a\000p\000a\000n\000\040\000L\000a\000y\000a\000r}{chapter.4}% 69
\BOOKMARK [0][-]{chapter.5}{\376\377\000A\000n\000a\000l\000i\000s\000a\000\040\000E\000k\000s\000p\000e\000r\000i\000m\000e\000n}{}% 70
\BOOKMARK [1][-]{section.5.1}{\376\377\000D\000e\000s\000k\000r\000i\000p\000s\000i\000\040\000U\000m\000u\000m\000\040\000T\000e\000s\000t\000\040\000C\000a\000s\000e}{chapter.5}% 71
\BOOKMARK [1][-]{section.5.2}{\376\377\000M\000e\000t\000r\000i\000k\000\040\000y\000a\000n\000g\000\040\000D\000i\000b\000a\000n\000d\000i\000n\000g\000k\000a\000n}{chapter.5}% 72
\BOOKMARK [1][-]{section.5.3}{\376\377\000R\000e\000k\000a\000p\000i\000t\000u\000l\000a\000s\000i\000\040\000H\000a\000s\000i\000l\000\040\000P\000e\000r\000c\000o\000b\000a\000a\000n}{chapter.5}% 73
\BOOKMARK [1][-]{section.5.4}{\376\377\000A\000n\000a\000l\000i\000s\000i\000s\000\040\000P\000e\000r\000\040\000T\000e\000s\000t\000\040\000C\000a\000s\000e}{chapter.5}% 74
\BOOKMARK [2][-]{subsection.5.4.1}{\376\377\000A\000n\000a\000l\000i\000s\000i\000s\000\040\000T\000e\000s\000t\000\040\000C\000a\000s\000e\000\040\0008}{section.5.4}% 75
\BOOKMARK [2][-]{subsection.5.4.2}{\376\377\000A\000n\000a\000l\000i\000s\000i\000s\000\040\000T\000e\000s\000t\000\040\000C\000a\000s\000e\000\040\0001\0007}{section.5.4}% 76
\BOOKMARK [2][-]{subsection.5.4.3}{\376\377\000A\000n\000a\000l\000i\000s\000i\000s\000\040\000T\000e\000s\000t\000\040\000C\000a\000s\000e\000\040\0002\0000}{section.5.4}% 77
\BOOKMARK [2][-]{subsection.5.4.4}{\376\377\000A\000n\000a\000l\000i\000s\000i\000s\000\040\000T\000e\000s\000t\000\040\000C\000a\000s\000e\000\040\0002\0004}{section.5.4}% 78
\BOOKMARK [2][-]{subsection.5.4.5}{\376\377\000A\000n\000a\000l\000i\000s\000i\000s\000\040\000T\000e\000s\000t\000\040\000C\000a\000s\000e\000\040\0002\0005}{section.5.4}% 79
\BOOKMARK [1][-]{section.5.5}{\376\377\000A\000n\000a\000l\000i\000s\000i\000s\000\040\000P\000e\000r\000\040\000A\000l\000g\000o\000r\000i\000t\000m\000a}{chapter.5}% 80
\BOOKMARK [2][-]{subsection.5.5.1}{\376\377\000U\000n\000i\000f\000o\000r\000m\000\040\000C\000o\000s\000t\000\040\000S\000e\000a\000r\000c\000h}{section.5.5}% 81
\BOOKMARK [2][-]{subsection.5.5.2}{\376\377\000G\000r\000e\000e\000d\000y\000\040\000B\000e\000s\000t\000-\000F\000i\000r\000s\000t\000\040\000S\000e\000a\000r\000c\000h}{section.5.5}% 82
\BOOKMARK [2][-]{subsection.5.5.3}{\376\377\000A\000*}{section.5.5}% 83
\BOOKMARK [2][-]{subsection.5.5.4}{\376\377\000W\000e\000i\000g\000h\000t\000e\000d\000\040\000A\000*}{section.5.5}% 84
\BOOKMARK [1][-]{section.5.6}{\376\377\000A\000n\000a\000l\000i\000s\000i\000s\000\040\000P\000e\000n\000g\000a\000r\000u\000h\000\040\000H\000e\000u\000r\000i\000s\000t\000i\000k}{chapter.5}% 85
\BOOKMARK [1][-]{section.5.7}{\376\377\000P\000e\000r\000b\000a\000n\000d\000i\000n\000g\000a\000n\000\040\000T\000e\000o\000r\000i\000t\000i\000s\000\040\000d\000a\000n\000\040\000E\000k\000s\000p\000e\000r\000i\000m\000e\000n\000t\000a\000l}{chapter.5}% 86
\BOOKMARK [1][-]{section.5.8}{\376\377\000K\000e\000s\000i\000m\000p\000u\000l\000a\000n\000\040\000H\000a\000s\000i\000l\000\040\000P\000e\000r\000c\000o\000b\000a\000a\000n}{chapter.5}% 87
\BOOKMARK [0][-]{chapter.6}{\376\377\000L\000a\000m\000p\000i\000r\000a\000n}{}% 88
\BOOKMARK [1][-]{section.6.1}{\376\377\000P\000r\000a\000n\000a\000l\000a\000\040\000R\000e\000p\000o\000s\000i\000t\000o\000r\000y}{chapter.6}% 89
\BOOKMARK [1][-]{section.6.2}{\376\377\000C\000h\000e\000c\000k\000l\000i\000s\000t\000\040\000S\000p\000e\000s\000i\000f\000i\000k\000a\000s\000i\000\040\000P\000r\000o\000g\000r\000a\000m}{chapter.6}% 90
\BOOKMARK [1][-]{section.6.3}{\376\377\000P\000e\000r\000n\000y\000a\000t\000a\000a\000n\000\040\000T\000i\000d\000a\000k\000\040\000M\000e\000l\000a\000k\000u\000k\000a\000n\000\040\000K\000e\000c\000u\000r\000a\000n\000g\000a\000n}{chapter.6}% 91
