This is pdfTeX, Version 3.141592653-2.6-1.40.28 (MiKTeX 25.12) (preloaded format=pdflatex 2026.3.14)  7 MAY 2026 21:59
entering extended mode
 restricted \write18 enabled.
 file:line:error style messages enabled.
 %&-line parsing enabled.
**"c:/Agatha/Semester 4/Algorithm Strategy/Stima-Tucil3/docs/main.tex"
(c:/Agatha/Semester 4/Algorithm Strategy/Stima-Tucil3/docs/main.tex
LaTeX2e <2025-11-01>
L3 programming layer <2025-12-24>
(C:\Program Files\MiKTeX\tex/latex/base\report.cls
Document Class: report 2025/01/22 v1.4n Standard LaTeX document class
(C:\Program Files\MiKTeX\tex/latex/base\size12.clo
File: size12.clo 2025/01/22 v1.4n Standard LaTeX file (size option)
)
\c@part=\count275
\c@chapter=\count276
\c@section=\count277
\c@subsection=\count278
\c@subsubsection=\count279
\c@paragraph=\count280
\c@subparagraph=\count281
\c@figure=\count282
\c@table=\count283
\abovecaptionskip=\skip49
\belowcaptionskip=\skip50
\bibindent=\dimen148
) (C:\Program Files\MiKTeX\tex/latex/base\inputenc.sty
Package: inputenc 2024/02/08 v1.3d Input encoding file
\inpenc@prehook=\toks17
\inpenc@posthook=\toks18
) (C:\Program Files\MiKTeX\tex/latex/base\fontenc.sty
Package: fontenc 2025/07/18 v2.1d Standard LaTeX package
) (C:\Program Files\MiKTeX\tex/generic/babel\babel.sty
Package: babel 2025/12/11 v25.17 The multilingual framework for LuaLaTeX, pdfLaTeX and XeLaTeX
\babel@savecnt=\count284
LaTeX Encoding Info:    Redeclaring text command \ij (encoding OT1) on input line 2068.
LaTeX Encoding Info:    Redeclaring text command \IJ (encoding OT1) on input line 2070.
LaTeX Encoding Info:    Redeclaring text command \ij (encoding T1) on input line 2072.
LaTeX Encoding Info:    Redeclaring text command \IJ (encoding T1) on input line 2073.
LaTeX Encoding Info:    Ignoring declaration for text command \ij (encoding ?) on input line 2074.
LaTeX Encoding Info:    Ignoring declaration for text command \IJ (encoding ?) on input line 2076.
LaTeX Encoding Info:    Ignoring declaration for text command \SS (encoding ?) on input line 2101.
\U@D=\dimen149
\l@unhyphenated=\language79
 (C:\Program Files\MiKTeX\tex/generic/babel\txtbabel.def)
\bbl@readstream=\read2
\bbl@dirlevel=\count285
Package babel Info: Configuration files are deprecated, as
(babel)             they can break document portability.
(babel)             Reported on input line 4196.

*************************************
* Local config file bblopts.cfg used
*
(C:\Program Files\MiKTeX\tex/latex/arabi\bblopts.cfg
File: bblopts.cfg 2005/09/08 v0.1 add Arabic and Farsi to "declared" options of babel
) (C:\Program Files\MiKTeX\tex/generic/babel/locale/id\babel-indonesian.tex)
Package babel Info: Importing font and identification data for indonesian
(babel)             from babel-id.ini. Reported on input line 4320.
 (C:\Users\atias\AppData\Roaming\MiKTeX\tex/latex/babel-indonesian\indonesian.ldf
Language: indonesian 2025/06/01 v1.0n Bahasa Indonesia support from the babel system
)) (C:\Users\atias\AppData\Roaming\MiKTeX\tex/latex/lipsum\lipsum.sty (C:\Program Files\MiKTeX\tex/latex/l3packages/l3keys2e\l3keys2e.sty (C:\Program Files\MiKTeX\tex/latex/l3kernel\expl3.sty
Package: expl3 2025-12-24 L3 programming layer (loader) 
 (C:\Program Files\MiKTeX\tex/latex/l3backend\l3backend-pdftex.def
File: l3backend-pdftex.def 2025-10-09 L3 backend support: PDF output (pdfTeX)
\l__color_backend_stack_int=\count286
))
Package: l3keys2e 2025-10-09 LaTeX2e option processing using LaTeX3 keys
)
Package: lipsum 2021-09-20 v2.7 150 paragraphs of Lorem Ipsum dummy text
\g__lipsum_par_int=\count287
\l__lipsum_a_int=\count288
\l__lipsum_b_int=\count289
 (C:\Users\atias\AppData\Roaming\MiKTeX\tex/latex/lipsum\lipsum.ltd.tex)) (C:\Program Files\MiKTeX\tex/latex/amsmath\amsmath.sty
Package: amsmath 2025/07/09 v2.17z AMS math features
\@mathmargin=\skip51

For additional information on amsmath, use the `?' option.
(C:\Program Files\MiKTeX\tex/latex/amsmath\amstext.sty
Package: amstext 2024/11/17 v2.01 AMS text
 (C:\Program Files\MiKTeX\tex/latex/amsmath\amsgen.sty
File: amsgen.sty 1999/11/30 v2.0 generic functions
\@emptytoks=\toks19
\ex@=\dimen150
)) (C:\Program Files\MiKTeX\tex/latex/amsmath\amsbsy.sty
Package: amsbsy 1999/11/29 v1.2d Bold Symbols
\pmbraise@=\dimen151
) (C:\Program Files\MiKTeX\tex/latex/amsmath\amsopn.sty
Package: amsopn 2022/04/08 v2.04 operator names
)
\inf@bad=\count290
LaTeX Info: Redefining \frac on input line 233.
\uproot@=\count291
\leftroot@=\count292
LaTeX Info: Redefining \overline on input line 398.
LaTeX Info: Redefining \colon on input line 409.
\classnum@=\count293
\DOTSCASE@=\count294
LaTeX Info: Redefining \ldots on input line 495.
LaTeX Info: Redefining \dots on input line 498.
LaTeX Info: Redefining \cdots on input line 619.
\Mathstrutbox@=\box53
\strutbox@=\box54
LaTeX Info: Redefining \big on input line 721.
LaTeX Info: Redefining \Big on input line 722.
LaTeX Info: Redefining \bigg on input line 723.
LaTeX Info: Redefining \Bigg on input line 724.
\big@size=\dimen152
LaTeX Font Info:    Redeclaring font encoding OML on input line 742.
LaTeX Font Info:    Redeclaring font encoding OMS on input line 743.
\macc@depth=\count295
LaTeX Info: Redefining \bmod on input line 904.
LaTeX Info: Redefining \pmod on input line 909.
LaTeX Info: Redefining \smash on input line 939.
LaTeX Info: Redefining \relbar on input line 969.
LaTeX Info: Redefining \Relbar on input line 970.
\c@MaxMatrixCols=\count296
\dotsspace@=\muskip17
\c@parentequation=\count297
\dspbrk@lvl=\count298
\tag@help=\toks20
\row@=\count299
\column@=\count300
\maxfields@=\count301
\andhelp@=\toks21
\eqnshift@=\dimen153
\alignsep@=\dimen154
\tagshift@=\dimen155
\tagwidth@=\dimen156
\totwidth@=\dimen157
\lineht@=\dimen158
\@envbody=\toks22
\multlinegap=\skip52
\multlinetaggap=\skip53
\mathdisplay@stack=\toks23
LaTeX Info: Redefining \[ on input line 2950.
LaTeX Info: Redefining \] on input line 2951.
) (C:\Program Files\MiKTeX\tex/latex/amsfonts\amssymb.sty
Package: amssymb 2013/01/14 v3.01 AMS font symbols
 (C:\Program Files\MiKTeX\tex/latex/amsfonts\amsfonts.sty
Package: amsfonts 2013/01/14 v3.01 Basic AMSFonts support
\symAMSa=\mathgroup4
\symAMSb=\mathgroup5
LaTeX Font Info:    Redeclaring math symbol \hbar on input line 98.
LaTeX Font Info:    Overwriting math alphabet `\mathfrak' in version `bold'
(Font)                  U/euf/m/n --> U/euf/b/n on input line 106.
)) (C:\Program Files\MiKTeX\tex/latex/graphics\graphicx.sty
Package: graphicx 2024/12/31 v1.2e Enhanced LaTeX Graphics (DPC,SPQR)
 (C:\Program Files\MiKTeX\tex/latex/graphics\keyval.sty
Package: keyval 2022/05/29 v1.15 key=value parser (DPC)
\KV@toks@=\toks24
) (C:\Program Files\MiKTeX\tex/latex/graphics\graphics.sty
Package: graphics 2024/08/06 v1.4g Standard LaTeX Graphics (DPC,SPQR)
 (C:\Program Files\MiKTeX\tex/latex/graphics\trig.sty
Package: trig 2023/12/02 v1.11 sin cos tan (DPC)
) (C:\Program Files\MiKTeX\tex/latex/graphics-cfg\graphics.cfg
File: graphics.cfg 2016/06/04 v1.11 sample graphics configuration
)
Package graphics Info: Driver file: pdftex.def on input line 106.
 (C:\Program Files\MiKTeX\tex/latex/graphics-def\pdftex.def
File: pdftex.def 2025/09/29 v1.2d Graphics/color driver for pdftex
))
\Gin@req@height=\dimen159
\Gin@req@width=\dimen160
) (C:\Users\atias\AppData\Roaming\MiKTeX\tex/latex/caption\caption.sty
Package: caption 2023/08/05 v3.6o Customizing captions (AR)
 (C:\Users\atias\AppData\Roaming\MiKTeX\tex/latex/caption\caption3.sty
Package: caption3 2023/07/31 v2.4d caption3 kernel (AR)
\caption@tempdima=\dimen161
\captionmargin=\dimen162
\caption@leftmargin=\dimen163
\caption@rightmargin=\dimen164
\caption@width=\dimen165
\caption@indent=\dimen166
\caption@parindent=\dimen167
\caption@hangindent=\dimen168
Package caption Info: Standard document class detected.
)
\c@caption@flags=\count302
\c@continuedfloat=\count303
) (C:\Users\atias\AppData\Roaming\MiKTeX\tex/latex/caption\subcaption.sty
Package: subcaption 2023/07/28 v1.6b Sub-captions (AR)
Package caption Info: New subtype `subfigure' on input line 238.
\c@subfigure=\count304
Package caption Info: New subtype `subtable' on input line 238.
\c@subtable=\count305
) (C:\Users\atias\AppData\Roaming\MiKTeX\tex/latex/float\float.sty
Package: float 2001/11/08 v1.3d Float enhancements (AL)
\c@float@type=\count306
\float@exts=\toks25
\float@box=\box55
\@float@everytoks=\toks26
\@floatcapt=\box56
) (C:\Program Files\MiKTeX\tex/latex/tcolorbox\tcolorbox.sty
Package: tcolorbox 2025/11/28 version 6.9.0 text color boxes
 (C:\Program Files\MiKTeX\tex/latex/pgf/frontendlayer\tikz.sty (C:\Program Files\MiKTeX\tex/latex/pgf/basiclayer\pgf.sty (C:\Program Files\MiKTeX\tex/latex/pgf/utilities\pgfrcs.sty (C:\Program Files\MiKTeX\tex/generic/pgf/utilities\pgfutil-common.tex
\pgfutil@everybye=\toks27
\pgfutil@tempdima=\dimen169
\pgfutil@tempdimb=\dimen170
) (C:\Program Files\MiKTeX\tex/generic/pgf/utilities\pgfutil-latex.def
\pgfutil@abb=\box57
) (C:\Program Files\MiKTeX\tex/generic/pgf/utilities\pgfrcs.code.tex (C:\Program Files\MiKTeX\tex/generic/pgf\pgf.revision.tex)
Package: pgfrcs 2025-08-29 v3.1.11a (3.1.11a)
))
Package: pgf 2025-08-29 v3.1.11a (3.1.11a)
 (C:\Program Files\MiKTeX\tex/latex/pgf/basiclayer\pgfcore.sty (C:\Program Files\MiKTeX\tex/latex/pgf/systemlayer\pgfsys.sty (C:\Program Files\MiKTeX\tex/generic/pgf/systemlayer\pgfsys.code.tex
Package: pgfsys 2025-08-29 v3.1.11a (3.1.11a)
 (C:\Program Files\MiKTeX\tex/generic/pgf/utilities\pgfkeys.code.tex
\pgfkeys@pathtoks=\toks28
\pgfkeys@temptoks=\toks29
 (C:\Program Files\MiKTeX\tex/generic/pgf/utilities\pgfkeyslibraryfiltered.code.tex
\pgfkeys@tmptoks=\toks30
))
\pgf@x=\dimen171
\pgf@y=\dimen172
\pgf@xa=\dimen173
\pgf@ya=\dimen174
\pgf@xb=\dimen175
\pgf@yb=\dimen176
\pgf@xc=\dimen177
\pgf@yc=\dimen178
\pgf@xd=\dimen179
\pgf@yd=\dimen180
\w@pgf@writea=\write3
\r@pgf@reada=\read3
\c@pgf@counta=\count307
\c@pgf@countb=\count308
\c@pgf@countc=\count309
\c@pgf@countd=\count310
\t@pgf@toka=\toks31
\t@pgf@tokb=\toks32
\t@pgf@tokc=\toks33
\pgf@sys@id@count=\count311
 (C:\Program Files\MiKTeX\tex/generic/pgf/systemlayer\pgf.cfg
File: pgf.cfg 2025-08-29 v3.1.11a (3.1.11a)
)
Driver file for pgf: pgfsys-pdftex.def
 (C:\Program Files\MiKTeX\tex/generic/pgf/systemlayer\pgfsys-pdftex.def
File: pgfsys-pdftex.def 2025-08-29 v3.1.11a (3.1.11a)
 (C:\Program Files\MiKTeX\tex/generic/pgf/systemlayer\pgfsys-common-pdf.def
File: pgfsys-common-pdf.def 2025-08-29 v3.1.11a (3.1.11a)
))) (C:\Program Files\MiKTeX\tex/generic/pgf/systemlayer\pgfsyssoftpath.code.tex
File: pgfsyssoftpath.code.tex 2025-08-29 v3.1.11a (3.1.11a)
\pgfsyssoftpath@smallbuffer@items=\count312
\pgfsyssoftpath@bigbuffer@items=\count313
) (C:\Program Files\MiKTeX\tex/generic/pgf/systemlayer\pgfsysprotocol.code.tex
File: pgfsysprotocol.code.tex 2025-08-29 v3.1.11a (3.1.11a)
)) (C:\Program Files\MiKTeX\tex/latex/xcolor\xcolor.sty
Package: xcolor 2024/09/29 v3.02 LaTeX color extensions (UK)
 (C:\Program Files\MiKTeX\tex/latex/graphics-cfg\color.cfg
File: color.cfg 2016/01/02 v1.6 sample color configuration
)
Package xcolor Info: Driver file: pdftex.def on input line 274.
 (C:\Program Files\MiKTeX\tex/latex/graphics\mathcolor.ltx)
Package xcolor Info: Model `cmy' substituted by `cmy0' on input line 1349.
Package xcolor Info: Model `hsb' substituted by `rgb' on input line 1353.
Package xcolor Info: Model `RGB' extended on input line 1365.
Package xcolor Info: Model `HTML' substituted by `rgb' on input line 1367.
Package xcolor Info: Model `Hsb' substituted by `hsb' on input line 1368.
Package xcolor Info: Model `tHsb' substituted by `hsb' on input line 1369.
Package xcolor Info: Model `HSB' substituted by `hsb' on input line 1370.
Package xcolor Info: Model `Gray' substituted by `gray' on input line 1371.
Package xcolor Info: Model `wave' substituted by `hsb' on input line 1372.
) (C:\Program Files\MiKTeX\tex/generic/pgf/basiclayer\pgfcore.code.tex
Package: pgfcore 2025-08-29 v3.1.11a (3.1.11a)
 (C:\Program Files\MiKTeX\tex/generic/pgf/math\pgfmath.code.tex (C:\Program Files\MiKTeX\tex/generic/pgf/math\pgfmathutil.code.tex) (C:\Program Files\MiKTeX\tex/generic/pgf/math\pgfmathparser.code.tex
\pgfmath@dimen=\dimen181
\pgfmath@count=\count314
\pgfmath@box=\box58
\pgfmath@toks=\toks34
\pgfmath@stack@operand=\toks35
\pgfmath@stack@operation=\toks36
) (C:\Program Files\MiKTeX\tex/generic/pgf/math\pgfmathfunctions.code.tex) (C:\Program Files\MiKTeX\tex/generic/pgf/math\pgfmathfunctions.basic.code.tex) (C:\Program Files\MiKTeX\tex/generic/pgf/math\pgfmathfunctions.trigonometric.code.tex) (C:\Program Files\MiKTeX\tex/generic/pgf/math\pgfmathfunctions.random.code.tex) (C:\Program Files\MiKTeX\tex/generic/pgf/math\pgfmathfunctions.comparison.code.tex) (C:\Program Files\MiKTeX\tex/generic/pgf/math\pgfmathfunctions.base.code.tex) (C:\Program Files\MiKTeX\tex/generic/pgf/math\pgfmathfunctions.round.code.tex) (C:\Program Files\MiKTeX\tex/generic/pgf/math\pgfmathfunctions.misc.code.tex) (C:\Program Files\MiKTeX\tex/generic/pgf/math\pgfmathfunctions.integerarithmetics.code.tex) (C:\Program Files\MiKTeX\tex/generic/pgf/math\pgfmathcalc.code.tex) (C:\Program Files\MiKTeX\tex/generic/pgf/math\pgfmathfloat.code.tex
\c@pgfmathroundto@lastzeros=\count315
)) (C:\Program Files\MiKTeX\tex/generic/pgf/math\pgfint.code.tex) (C:\Program Files\MiKTeX\tex/generic/pgf/basiclayer\pgfcorepoints.code.tex
File: pgfcorepoints.code.tex 2025-08-29 v3.1.11a (3.1.11a)
\pgf@picminx=\dimen182
\pgf@picmaxx=\dimen183
\pgf@picminy=\dimen184
\pgf@picmaxy=\dimen185
\pgf@pathminx=\dimen186
\pgf@pathmaxx=\dimen187
\pgf@pathminy=\dimen188
\pgf@pathmaxy=\dimen189
\pgf@xx=\dimen190
\pgf@xy=\dimen191
\pgf@yx=\dimen192
\pgf@yy=\dimen193
\pgf@zx=\dimen194
\pgf@zy=\dimen195
) (C:\Program Files\MiKTeX\tex/generic/pgf/basiclayer\pgfcorepathconstruct.code.tex
File: pgfcorepathconstruct.code.tex 2025-08-29 v3.1.11a (3.1.11a)
\pgf@path@lastx=\dimen196
\pgf@path@lasty=\dimen197
) (C:\Program Files\MiKTeX\tex/generic/pgf/basiclayer\pgfcorepathusage.code.tex
File: pgfcorepathusage.code.tex 2025-08-29 v3.1.11a (3.1.11a)
\pgf@shorten@end@additional=\dimen198
\pgf@shorten@start@additional=\dimen199
) (C:\Program Files\MiKTeX\tex/generic/pgf/basiclayer\pgfcorescopes.code.tex
File: pgfcorescopes.code.tex 2025-08-29 v3.1.11a (3.1.11a)
\pgfpic=\box59
\pgf@hbox=\box60
\pgf@layerbox@main=\box61
\pgf@picture@serial@count=\count316
) (C:\Program Files\MiKTeX\tex/generic/pgf/basiclayer\pgfcoregraphicstate.code.tex
File: pgfcoregraphicstate.code.tex 2025-08-29 v3.1.11a (3.1.11a)
\pgflinewidth=\dimen256
) (C:\Program Files\MiKTeX\tex/generic/pgf/basiclayer\pgfcoretransformations.code.tex
File: pgfcoretransformations.code.tex 2025-08-29 v3.1.11a (3.1.11a)
\pgf@pt@x=\dimen257
\pgf@pt@y=\dimen258
\pgf@pt@temp=\dimen259
) (C:\Program Files\MiKTeX\tex/generic/pgf/basiclayer\pgfcorequick.code.tex
File: pgfcorequick.code.tex 2025-08-29 v3.1.11a (3.1.11a)
) (C:\Program Files\MiKTeX\tex/generic/pgf/basiclayer\pgfcoreobjects.code.tex
File: pgfcoreobjects.code.tex 2025-08-29 v3.1.11a (3.1.11a)
) (C:\Program Files\MiKTeX\tex/generic/pgf/basiclayer\pgfcorepathprocessing.code.tex
File: pgfcorepathprocessing.code.tex 2025-08-29 v3.1.11a (3.1.11a)
) (C:\Program Files\MiKTeX\tex/generic/pgf/basiclayer\pgfcorearrows.code.tex
File: pgfcorearrows.code.tex 2025-08-29 v3.1.11a (3.1.11a)
\pgfarrowsep=\dimen260
) (C:\Program Files\MiKTeX\tex/generic/pgf/basiclayer\pgfcoreshade.code.tex
File: pgfcoreshade.code.tex 2025-08-29 v3.1.11a (3.1.11a)
\pgf@max=\dimen261
\pgf@sys@shading@range@num=\count317
\pgf@shadingcount=\count318
) (C:\Program Files\MiKTeX\tex/generic/pgf/basiclayer\pgfcoreimage.code.tex
File: pgfcoreimage.code.tex 2025-08-29 v3.1.11a (3.1.11a)
) (C:\Program Files\MiKTeX\tex/generic/pgf/basiclayer\pgfcoreexternal.code.tex
File: pgfcoreexternal.code.tex 2025-08-29 v3.1.11a (3.1.11a)
\pgfexternal@startupbox=\box62
) (C:\Program Files\MiKTeX\tex/generic/pgf/basiclayer\pgfcorelayers.code.tex
File: pgfcorelayers.code.tex 2025-08-29 v3.1.11a (3.1.11a)
) (C:\Program Files\MiKTeX\tex/generic/pgf/basiclayer\pgfcoretransparency.code.tex
File: pgfcoretransparency.code.tex 2025-08-29 v3.1.11a (3.1.11a)
) (C:\Program Files\MiKTeX\tex/generic/pgf/basiclayer\pgfcorepatterns.code.tex
File: pgfcorepatterns.code.tex 2025-08-29 v3.1.11a (3.1.11a)
) (C:\Program Files\MiKTeX\tex/generic/pgf/basiclayer\pgfcorerdf.code.tex
File: pgfcorerdf.code.tex 2025-08-29 v3.1.11a (3.1.11a)
))) (C:\Program Files\MiKTeX\tex/generic/pgf/modules\pgfmoduleshapes.code.tex
File: pgfmoduleshapes.code.tex 2025-08-29 v3.1.11a (3.1.11a)
\pgfnodeparttextbox=\box63
) (C:\Program Files\MiKTeX\tex/generic/pgf/modules\pgfmoduleplot.code.tex
File: pgfmoduleplot.code.tex 2025-08-29 v3.1.11a (3.1.11a)
) (C:\Program Files\MiKTeX\tex/latex/pgf/compatibility\pgfcomp-version-0-65.sty
Package: pgfcomp-version-0-65 2025-08-29 v3.1.11a (3.1.11a)
\pgf@nodesepstart=\dimen262
\pgf@nodesepend=\dimen263
) (C:\Program Files\MiKTeX\tex/latex/pgf/compatibility\pgfcomp-version-1-18.sty
Package: pgfcomp-version-1-18 2025-08-29 v3.1.11a (3.1.11a)
)) (C:\Program Files\MiKTeX\tex/latex/pgf/utilities\pgffor.sty (C:\Program Files\MiKTeX\tex/latex/pgf/utilities\pgfkeys.sty (C:\Program Files\MiKTeX\tex/generic/pgf/utilities\pgfkeys.code.tex)) (C:\Program Files\MiKTeX\tex/latex/pgf/math\pgfmath.sty (C:\Program Files\MiKTeX\tex/generic/pgf/math\pgfmath.code.tex)) (C:\Program Files\MiKTeX\tex/generic/pgf/utilities\pgffor.code.tex
Package: pgffor 2025-08-29 v3.1.11a (3.1.11a)
\pgffor@iter=\dimen264
\pgffor@skip=\dimen265
\pgffor@stack=\toks37
\pgffor@toks=\toks38
)) (C:\Program Files\MiKTeX\tex/generic/pgf/frontendlayer/tikz\tikz.code.tex
Package: tikz 2025-08-29 v3.1.11a (3.1.11a)
 (C:\Program Files\MiKTeX\tex/generic/pgf/libraries\pgflibraryplothandlers.code.tex
File: pgflibraryplothandlers.code.tex 2025-08-29 v3.1.11a (3.1.11a)
\pgf@plot@mark@count=\count319
\pgfplotmarksize=\dimen266
)
\tikz@lastx=\dimen267
\tikz@lasty=\dimen268
\tikz@lastxsaved=\dimen269
\tikz@lastysaved=\dimen270
\tikz@lastmovetox=\dimen271
\tikz@lastmovetoy=\dimen272
\tikzleveldistance=\dimen273
\tikzsiblingdistance=\dimen274
\tikz@figbox=\box64
\tikz@figbox@bg=\box65
\tikz@tempbox=\box66
\tikz@tempbox@bg=\box67
\tikztreelevel=\count320
\tikznumberofchildren=\count321
\tikznumberofcurrentchild=\count322
\tikz@fig@count=\count323
 (C:\Program Files\MiKTeX\tex/generic/pgf/modules\pgfmodulematrix.code.tex
File: pgfmodulematrix.code.tex 2025-08-29 v3.1.11a (3.1.11a)
\pgfmatrixcurrentrow=\count324
\pgfmatrixcurrentcolumn=\count325
\pgf@matrix@numberofcolumns=\count326
)
\tikz@expandcount=\count327
 (C:\Program Files\MiKTeX\tex/generic/pgf/frontendlayer/tikz/libraries\tikzlibrarytopaths.code.tex
File: tikzlibrarytopaths.code.tex 2025-08-29 v3.1.11a (3.1.11a)
))) (C:\Program Files\MiKTeX\tex/latex/tools\verbatim.sty
Package: verbatim 2024-01-22 v1.5x LaTeX2e package for verbatim enhancements
\every@verbatim=\toks39
\verbatim@line=\toks40
\verbatim@in@stream=\read4
) (C:\Program Files\MiKTeX\tex/latex/environ\environ.sty
Package: environ 2014/05/04 v0.3 A new way to define environments
 (C:\Program Files\MiKTeX\tex/latex/trimspaces\trimspaces.sty
Package: trimspaces 2009/09/17 v1.1 Trim spaces around a token list
)) (C:\Program Files\MiKTeX\tex/latex/etoolbox\etoolbox.sty
Package: etoolbox 2025/10/02 v2.5m e-TeX tools for LaTeX (JAW)
\etb@tempcnta=\count328
)
\tcb@titlebox=\box68
\tcb@upperbox=\box69
\tcb@lowerbox=\box70
\tcb@phantombox=\box71
\c@tcbbreakpart=\count329
\c@tcblayer=\count330
\c@tcolorbox@number=\count331
\l__tcobox_tmpa_box=\box72
\l__tcobox_tmpa_dim=\dimen275
\tcb@temp=\box73
\tcb@temp=\box74
\tcb@temp=\box75
\tcb@temp=\box76
 (C:\Program Files\MiKTeX\tex/latex/tcolorbox\tcbraster.code.tex
Library (tcolorbox): 'tcbraster.code.tex' version '6.9.0'
\c@tcbrastercolumn=\count332
\c@tcbrasterrow=\count333
\c@tcbrasternum=\count334
\c@tcbraster=\count335
) (C:\Program Files\MiKTeX\tex/latex/tcolorbox\tcbskins.code.tex
Library (tcolorbox): 'tcbskins.code.tex' version '6.9.0'
(C:\Users\atias\AppData\Roaming\MiKTeX\tex/latex/tikzfill\tikzfill.image.sty
Package: tikzfill.image 2026/03/26 v1.1.0 Image filling library for TikZ
 (C:\Users\atias\AppData\Roaming\MiKTeX\tex/latex/tikzfill\tikzlibraryfill.image.code.tex
File: tikzlibraryfill.image.code.tex 2026/03/26 v1.1.0 Image filling library
\l__tikzfill_tmpa_dim=\dimen276
\l__tikzfill_tmpb_dim=\dimen277
\l__tikzfill_img_box=\box77
)) (C:\Program Files\MiKTeX\tex/latex/tcolorbox\tcbskinsjigsaw.code.tex
Library (tcolorbox): 'tcbskinsjigsaw.code.tex' version '6.9.0'
)) (C:\Program Files\MiKTeX\tex/latex/tcolorbox\tcbbreakable.code.tex
Library (tcolorbox): 'tcbbreakable.code.tex' version '6.9.0'
(C:\Users\atias\AppData\Roaming\MiKTeX\tex/latex/pdfcol\pdfcol.sty
Package: pdfcol 2022-09-21 v1.7 Handle new color stacks for pdfTeX (HO)
 (C:\Users\atias\AppData\Roaming\MiKTeX\tex/generic/ltxcmds\ltxcmds.sty
Package: ltxcmds 2023-12-04 v1.26 LaTeX kernel commands for general use (HO)
) (C:\Users\atias\AppData\Roaming\MiKTeX\tex/generic/infwarerr\infwarerr.sty
Package: infwarerr 2019/12/03 v1.5 Providing info/warning/error messages (HO)
) (C:\Program Files\MiKTeX\tex/generic/iftex\iftex.sty
Package: iftex 2024/12/12 v1.0g TeX engine tests
))
Package pdfcol Info: New color stack `tcb@breakable' = 1 on input line 23.
\tcb@testbox=\box78
\tcb@totalupperbox=\box79
\tcb@totallowerbox=\box80
) (C:\Program Files\MiKTeX\tex/latex/tcolorbox\tcbhooks.code.tex
Library (tcolorbox): 'tcbhooks.code.tex' version '6.9.0'
) (C:\Program Files\MiKTeX\tex/latex/tcolorbox\tcbtheorems.code.tex
Library (tcolorbox): 'tcbtheorems.code.tex' version '6.9.0'
) (C:\Program Files\MiKTeX\tex/latex/tcolorbox\tcbfitting.code.tex
Library (tcolorbox): 'tcbfitting.code.tex' version '6.9.0'
\tcbfitdim=\dimen278
\tcb@lowerfitdim=\dimen279
\tcb@upperfitdim=\dimen280
\tcb@cur@hbadness=\count336
) (C:\Program Files\MiKTeX\tex/latex/tcolorbox\tcblistingsutf8.code.tex
Library (tcolorbox): 'tcblistingsutf8.code.tex' version '6.9.0'
(C:\Program Files\MiKTeX\tex/latex/tcolorbox\tcblistings.code.tex
Library (tcolorbox): 'tcblistings.code.tex' version '6.9.0'
(C:\Program Files\MiKTeX\tex/latex/listings\listings.sty
\lst@mode=\count337
\lst@gtempboxa=\box81
\lst@token=\toks41
\lst@length=\count338
\lst@currlwidth=\dimen281
\lst@column=\count339
\lst@pos=\count340
\lst@lostspace=\dimen282
\lst@width=\dimen283
\lst@newlines=\count341
\lst@lineno=\count342
\lst@maxwidth=\dimen284
 (C:\Program Files\MiKTeX\tex/latex/listings\lstpatch.sty
File: lstpatch.sty 2025/11/14 1.11b (Carsten Heinz)
) (C:\Program Files\MiKTeX\tex/latex/listings\lstmisc.sty
File: lstmisc.sty 2025/11/14 1.11b (Carsten Heinz)
\c@lstnumber=\count343
\lst@skipnumbers=\count344
\lst@framebox=\box82
) (C:\Program Files\MiKTeX\tex/latex/listings\listings.cfg
File: listings.cfg 2025/11/14 1.11b listings configuration
))
Package: listings 2025/11/14 1.11b (Carsten Heinz)

==> First Aid for listings.sty no longer applied!
    Expected:
        2024/09/23 1.10c (Carsten Heinz)
    but found:
        2025/11/14 1.11b (Carsten Heinz)
    so I'm assuming it got fixed.
(C:\Program Files\MiKTeX\tex/latex/tcolorbox\tcblistingscore.code.tex
Library (tcolorbox): 'tcblistingscore.code.tex' version '6.9.0'
(C:\Program Files\MiKTeX\tex/latex/tcolorbox\tcbprocessing.code.tex
Library (tcolorbox): 'tcbprocessing.code.tex' version '6.9.0'
)
\c@tcblisting=\count345
)) (C:\Users\atias\AppData\Roaming\MiKTeX\tex/latex/listingsutf8\listingsutf8.sty
Package: listingsutf8 2019-12-10 v1.5 Allow UTF-8 in listings input (HO)
 (C:\Program Files\MiKTeX\tex/generic/pdftexcmds\pdftexcmds.sty
Package: pdftexcmds 2020-06-27 v0.33 Utility functions of pdfTeX for LuaTeX (HO)
Package pdftexcmds Info: \pdf@primitive is available.
Package pdftexcmds Info: \pdf@ifprimitive is available.
Package pdftexcmds Info: \pdfdraftmode found.
) (C:\Users\atias\AppData\Roaming\MiKTeX\tex/generic/stringenc\stringenc.sty
Package: stringenc 2019/11/29 v1.12 Convert strings between diff. encodings (HO)
 (C:\Users\atias\AppData\Roaming\MiKTeX\tex/generic/pdfescape\pdfescape.sty
Package: pdfescape 2019/12/09 v1.15 Implements pdfTeX's escape features (HO)
)))) (C:\Program Files\MiKTeX\tex/latex/tcolorbox\tcbexternal.code.tex
Library (tcolorbox): 'tcbexternal.code.tex' version '6.9.0'
) (C:\Program Files\MiKTeX\tex/latex/tcolorbox\tcbmagazine.code.tex
Library (tcolorbox): 'tcbmagazine.code.tex' version '6.9.0'
) (C:\Program Files\MiKTeX\tex/latex/tcolorbox\tcbvignette.code.tex
Library (tcolorbox): 'tcbvignette.code.tex' version '6.9.0'
(C:\Program Files\MiKTeX\tex/generic/pgf/frontendlayer/tikz/libraries\tikzlibraryfadings.code.tex
File: tikzlibraryfadings.code.tex 2025-08-29 v3.1.11a (3.1.11a)
 (C:\Program Files\MiKTeX\tex/generic/pgf/libraries\pgflibraryfadings.code.tex
File: pgflibraryfadings.code.tex 2025-08-29 v3.1.11a (3.1.11a)
))) (C:\Program Files\MiKTeX\tex/latex/tcolorbox\tcbposter.code.tex
Library (tcolorbox): 'tcbposter.code.tex' version '6.9.0'
)) (C:\Users\atias\AppData\Roaming\MiKTeX\tex/latex/forest\forest.sty
Package: forest 2017/07/14 v2.1.5 Drawing (linguistic) trees
 (C:\Program Files\MiKTeX\tex/generic/pgf/frontendlayer/tikz/libraries\tikzlibraryshapes.code.tex
File: tikzlibraryshapes.code.tex 2025-08-29 v3.1.11a (3.1.11a)
 (C:\Program Files\MiKTeX\tex/generic/pgf/frontendlayer/tikz/libraries\tikzlibraryshapes.geometric.code.tex
File: tikzlibraryshapes.geometric.code.tex 2025-08-29 v3.1.11a (3.1.11a)
 (C:\Program Files\MiKTeX\tex/generic/pgf/libraries/shapes\pgflibraryshapes.geometric.code.tex
File: pgflibraryshapes.geometric.code.tex 2025-08-29 v3.1.11a (3.1.11a)
)) (C:\Program Files\MiKTeX\tex/generic/pgf/frontendlayer/tikz/libraries\tikzlibraryshapes.misc.code.tex
File: tikzlibraryshapes.misc.code.tex 2025-08-29 v3.1.11a (3.1.11a)
 (C:\Program Files\MiKTeX\tex/generic/pgf/libraries/shapes\pgflibraryshapes.misc.code.tex
File: pgflibraryshapes.misc.code.tex 2025-08-29 v3.1.11a (3.1.11a)
)) (C:\Program Files\MiKTeX\tex/generic/pgf/frontendlayer/tikz/libraries\tikzlibraryshapes.symbols.code.tex
File: tikzlibraryshapes.symbols.code.tex 2025-08-29 v3.1.11a (3.1.11a)
 (C:\Program Files\MiKTeX\tex/generic/pgf/libraries/shapes\pgflibraryshapes.symbols.code.tex
File: pgflibraryshapes.symbols.code.tex 2025-08-29 v3.1.11a (3.1.11a)
)) (C:\Program Files\MiKTeX\tex/generic/pgf/frontendlayer/tikz/libraries\tikzlibraryshapes.arrows.code.tex
File: tikzlibraryshapes.arrows.code.tex 2025-08-29 v3.1.11a (3.1.11a)
 (C:\Program Files\MiKTeX\tex/generic/pgf/libraries/shapes\pgflibraryshapes.arrows.code.tex
File: pgflibraryshapes.arrows.code.tex 2025-08-29 v3.1.11a (3.1.11a)
)) (C:\Program Files\MiKTeX\tex/generic/pgf/frontendlayer/tikz/libraries\tikzlibraryshapes.callouts.code.tex (C:\Program Files\MiKTeX\tex/generic/pgf/libraries/shapes\pgflibraryshapes.callouts.code.tex)) (C:\Program Files\MiKTeX\tex/generic/pgf/frontendlayer/tikz/libraries\tikzlibraryshapes.multipart.code.tex
File: tikzlibraryshapes.multipart.code.tex 2025-08-29 v3.1.11a (3.1.11a)
 (C:\Program Files\MiKTeX\tex/generic/pgf/libraries/shapes\pgflibraryshapes.multipart.code.tex
File: pgflibraryshapes.multipart.code.tex 2025-08-29 v3.1.11a (3.1.11a)
\pgfnodepartlowerbox=\box83
\pgfnodeparttwobox=\box84
\pgfnodepartthreebox=\box85
\pgfnodepartfourbox=\box86
\pgfnodeparttwentybox=\box87
\pgfnodepartnineteenbox=\box88
\pgfnodeparteighteenbox=\box89
\pgfnodepartseventeenbox=\box90
\pgfnodepartsixteenbox=\box91
\pgfnodepartfifteenbox=\box92
\pgfnodepartfourteenbox=\box93
\pgfnodepartthirteenbox=\box94
\pgfnodeparttwelvebox=\box95
\pgfnodepartelevenbox=\box96
\pgfnodeparttenbox=\box97
\pgfnodepartninebox=\box98
\pgfnodeparteightbox=\box99
\pgfnodepartsevenbox=\box100
\pgfnodepartsixbox=\box101
\pgfnodepartfivebox=\box102
))) (C:\Program Files\MiKTeX\tex/generic/pgf/frontendlayer/tikz/libraries\tikzlibraryfit.code.tex
File: tikzlibraryfit.code.tex 2025-08-29 v3.1.11a (3.1.11a)
) (C:\Program Files\MiKTeX\tex/generic/pgf/frontendlayer/tikz/libraries\tikzlibrarycalc.code.tex
File: tikzlibrarycalc.code.tex 2025-08-29 v3.1.11a (3.1.11a)
) (C:\Program Files\MiKTeX\tex/generic/pgf/libraries\pgflibraryintersections.code.tex (C:\Program Files\MiKTeX\tex/generic/pgf/libraries\pgflibraryfpu.code.tex)
\pgf@intersect@solutions=\count346
) (C:\Users\atias\AppData\Roaming\MiKTeX\tex/latex/pgfopts\pgfopts.sty
Package: pgfopts 2014/07/10 v2.1a LaTeX package options with pgfkeys
\pgfopts@list@add@a@toks=\toks42
\pgfopts@list@add@b@toks=\toks43
) (C:\Users\atias\AppData\Roaming\MiKTeX\tex/latex/elocalloc\elocalloc.sty
Package: elocalloc 2016/12/15 v0.03 local allocation for LaTeX 2015+ (DPC)
) (C:\Program Files\MiKTeX\tex/latex/l3packages/xparse\xparse.sty
Package: xparse 2025-10-09 L3 Experimental document command parser
) (C:\Users\atias\AppData\Roaming\MiKTeX\tex/latex/inlinedef\inlinedef.sty
Package: inlinedef 2008/07/10 v1.0 Inlined expansions within definitions
\ID@toks=\toks44
\ID@count=\count347
)
\ID@usercommands=\toks45
\safeloop@depth=\count348
\safeRKloop@depth=\count349
\forest@temp@dimen=\dimen285
\forest@temp@count=\count350
\forest@n=\count351
\forest@temp@global@count=\count352
\forest@temp@toks=\toks46
\forest@temparray@M=\count353
\forest@temparray@N=\count354
\forest@global@temparray@M=\count355
\forest@global@temparray@N=\count356
\forest@isnum@count=\count357
\forest@isdim@nonintpart=\count358
\forest@isdim@dimen=\dimen286
\forest@sort@m=\count359
\forest@sort@k=\count360
\forest@sort@p=\count361
\bracket@content=\toks47
\bracket@afterthought=\toks48
\forest@node@maxid=\count362
\forest@process@left@M=\count363
\forest@process@left@N=\count364
\forest@process@right@M=\count365
\forest@process@right@N=\count366
\forest@process@saved@M=\count367
\forest@process@saved@N=\count368
\forest@process@result@M=\count369
\forest@process@result@N=\count370
\forest@process@n=\count371
\forest@nodewalk@branch@toks=\toks49
\forest@nodewalk@shortsteps@resolution=\toks50
\forest@do@dynamics=\toks51
\forest@box=\box103
\forest@xg=\dimen287
\forest@yg=\dimen288
\forest@xs=\dimen289
\forest@ys=\dimen290
\forest@pi@toks=\toks52
\forest@segment@toks=\toks53
\forest@PIi@toks=\toks54
\forest@PIii@toks=\toks55
\forest@copy@in=\read5
\forest@copy@out=\write4
\forest@externalize@max@outer@n=\count372
\forest@externalize@inner@n=\count373
) (C:\Program Files\MiKTeX\tex/latex/hyperref\hyperref.sty
Package: hyperref 2025-07-12 v7.01o Hypertext links for LaTeX
 (C:\Users\atias\AppData\Roaming\MiKTeX\tex/latex/kvsetkeys\kvsetkeys.sty
Package: kvsetkeys 2022-10-05 v1.19 Key value parser (HO)
) (C:\Users\atias\AppData\Roaming\MiKTeX\tex/generic/kvdefinekeys\kvdefinekeys.sty
Package: kvdefinekeys 2019-12-19 v1.6 Define keys (HO)
) (C:\Users\atias\AppData\Roaming\MiKTeX\tex/latex/hycolor\hycolor.sty
Package: hycolor 2020-01-27 v1.10 Color options for hyperref/bookmark (HO)
) (C:\Program Files\MiKTeX\tex/latex/hyperref\nameref.sty
Package: nameref 2025-06-21 v2.57 Cross-referencing by name of section
 (C:\Users\atias\AppData\Roaming\MiKTeX\tex/latex/refcount\refcount.sty
Package: refcount 2019/12/15 v3.6 Data extraction from label references (HO)
) (C:\Users\atias\AppData\Roaming\MiKTeX\tex/generic/gettitlestring\gettitlestring.sty
Package: gettitlestring 2019/12/15 v1.6 Cleanup title references (HO)
 (C:\Users\atias\AppData\Roaming\MiKTeX\tex/latex/kvoptions\kvoptions.sty
Package: kvoptions 2022-06-15 v3.15 Key value format for package options (HO)
))
\c@section@level=\count374
)
\@linkdim=\dimen291
\Hy@linkcounter=\count375
\Hy@pagecounter=\count376
 (C:\Program Files\MiKTeX\tex/latex/hyperref\pd1enc.def
File: pd1enc.def 2025-07-12 v7.01o Hyperref: PDFDocEncoding definition (HO)
Now handling font encoding PD1 ...
... no UTF-8 mapping file for font encoding PD1
) (C:\Users\atias\AppData\Roaming\MiKTeX\tex/generic/intcalc\intcalc.sty
Package: intcalc 2019/12/15 v1.3 Expandable calculations with integers (HO)
)
\Hy@SavedSpaceFactor=\count377
 (C:\Program Files\MiKTeX\tex/latex/hyperref\puenc.def
File: puenc.def 2025-07-12 v7.01o Hyperref: PDF Unicode definition (HO)
Now handling font encoding PU ...
... no UTF-8 mapping file for font encoding PU
)
Package hyperref Info: Hyper figures OFF on input line 4195.
Package hyperref Info: Link nesting OFF on input line 4200.
Package hyperref Info: Hyper index ON on input line 4203.
Package hyperref Info: Plain pages OFF on input line 4210.
Package hyperref Info: Backreferencing OFF on input line 4215.
Package hyperref Info: Implicit mode ON; LaTeX internals redefined.
Package hyperref Info: Bookmarks ON on input line 4462.
\c@Hy@tempcnt=\count378
 (C:\Program Files\MiKTeX\tex/latex/url\url.sty
\Urlmuskip=\muskip18
Package: url 2013/09/16  ver 3.4  Verb mode for urls, etc.
)
LaTeX Info: Redefining \url on input line 4801.
\XeTeXLinkMargin=\dimen292
 (C:\Users\atias\AppData\Roaming\MiKTeX\tex/generic/bitset\bitset.sty
Package: bitset 2019/12/09 v1.3 Handle bit-vector datatype (HO)
 (C:\Users\atias\AppData\Roaming\MiKTeX\tex/generic/bigintcalc\bigintcalc.sty
Package: bigintcalc 2019/12/15 v1.5 Expandable calculations on big integers (HO)
))
\Fld@menulength=\count379
\Field@Width=\dimen293
\Fld@charsize=\dimen294
Package hyperref Info: Hyper figures OFF on input line 6078.
Package hyperref Info: Link nesting OFF on input line 6083.
Package hyperref Info: Hyper index ON on input line 6086.
Package hyperref Info: backreferencing OFF on input line 6093.
Package hyperref Info: Link coloring OFF on input line 6098.
Package hyperref Info: Link coloring with OCG OFF on input line 6103.
Package hyperref Info: PDF/A mode OFF on input line 6108.
\Hy@abspage=\count380
\c@Item=\count381
\c@Hfootnote=\count382
)
Package hyperref Info: Driver (autodetected): hpdftex.
 (C:\Program Files\MiKTeX\tex/latex/hyperref\hpdftex.def
File: hpdftex.def 2025-07-12 v7.01o Hyperref driver for pdfTeX
\Fld@listcount=\count383
\c@bookmark@seq@number=\count384
 (C:\Users\atias\AppData\Roaming\MiKTeX\tex/latex/rerunfilecheck\rerunfilecheck.sty
Package: rerunfilecheck 2025-06-21 v1.11 Rerun checks for auxiliary files (HO)
 (C:\Users\atias\AppData\Roaming\MiKTeX\tex/generic/uniquecounter\uniquecounter.sty
Package: uniquecounter 2019/12/15 v1.4 Provide unlimited unique counter (HO)
)
Package uniquecounter Info: New unique counter `rerunfilecheck' on input line 284.
)
\Hy@SectionHShift=\skip54
) (C:\Users\atias\AppData\Roaming\MiKTeX\tex/latex/fancyhdr\fancyhdr.sty
Package: fancyhdr 2025/02/07 v5.2 Extensive control of page headers and footers
\f@nch@headwidth=\skip55
\f@nch@offset@elh=\skip56
\f@nch@offset@erh=\skip57
\f@nch@offset@olh=\skip58
\f@nch@offset@orh=\skip59
\f@nch@offset@elf=\skip60
\f@nch@offset@erf=\skip61
\f@nch@offset@olf=\skip62
\f@nch@offset@orf=\skip63
\f@nch@height=\skip64
\f@nch@footalignment=\skip65
\f@nch@widthL=\skip66
\f@nch@widthC=\skip67
\f@nch@widthR=\skip68
\@temptokenb=\toks56
) (C:\Users\atias\AppData\Roaming\MiKTeX\tex/latex/titlesec\titlesec.sty
Package: titlesec 2025/01/04 v2.17 Sectioning titles
\ttl@box=\box104
\beforetitleunit=\skip69
\aftertitleunit=\skip70
\ttl@plus=\dimen295
\ttl@minus=\dimen296
\ttl@toksa=\toks57
\titlewidth=\dimen297
\titlewidthlast=\dimen298
\titlewidthfirst=\dimen299
) (C:\Program Files\MiKTeX\tex/latex/tools\longtable.sty
Package: longtable 2025-10-13 v4.24 Multi-page Table package (DPC)
\LTleft=\skip71
\LTright=\skip72
\LTpre=\skip73
\LTpost=\skip74
\LTchunksize=\count385
\LTcapwidth=\dimen300
\LT@head=\box105
\LT@firsthead=\box106
\LT@foot=\box107
\LT@lastfoot=\box108
\LT@gbox=\box109
\LT@cols=\count386
\LT@rows=\count387
\c@LT@tables=\count388
\c@LT@chunks=\count389
\LT@p@ftn=\toks58
) (C:\Program Files\MiKTeX\tex/latex/tools\array.sty
Package: array 2025/09/25 v2.6n Tabular extension package (FMi)
\col@sep=\dimen301
\ar@mcellbox=\box110
\extrarowheight=\dimen302
\NC@list=\toks59
\extratabsurround=\skip75
\backup@length=\skip76
\ar@cellbox=\box111
) (C:\Users\atias\AppData\Roaming\MiKTeX\tex/latex/booktabs\booktabs.sty
Package: booktabs 2020/01/12 v1.61803398 Publication quality tables
\heavyrulewidth=\dimen303
\lightrulewidth=\dimen304
\cmidrulewidth=\dimen305
\belowrulesep=\dimen306
\belowbottomsep=\dimen307
\aboverulesep=\dimen308
\abovetopsep=\dimen309
\cmidrulesep=\dimen310
\cmidrulekern=\dimen311
\defaultaddspace=\dimen312
\@cmidla=\count390
\@cmidlb=\count391
\@aboverulesep=\dimen313
\@belowrulesep=\dimen314
\@thisruleclass=\count392
\@lastruleclass=\count393
\@thisrulewidth=\dimen315
) (C:\Users\atias\AppData\Roaming\MiKTeX\tex/latex/colortbl\colortbl.sty
Package: colortbl 2024/10/29 v1.0k Color table columns (DPC)
\everycr=\toks60
\minrowclearance=\skip77
\rownum=\count394
) (C:\Users\atias\AppData\Roaming\MiKTeX\tex/latex/geometry\geometry.sty
Package: geometry 2020/01/02 v5.9 Page Geometry
 (C:\Program Files\MiKTeX\tex/generic/iftex\ifvtex.sty
Package: ifvtex 2019/10/25 v1.7 ifvtex legacy package. Use iftex instead.
)
\Gm@cnth=\count395
\Gm@cntv=\count396
\c@Gm@tempcnt=\count397
\Gm@bindingoffset=\dimen316
\Gm@wd@mp=\dimen317
\Gm@odd@mp=\dimen318
\Gm@even@mp=\dimen319
\Gm@layoutwidth=\dimen320
\Gm@layoutheight=\dimen321
\Gm@layouthoffset=\dimen322
\Gm@layoutvoffset=\dimen323
\Gm@dimlist=\toks61
 (C:\Users\atias\AppData\Roaming\MiKTeX\tex/latex/geometry\geometry.cfg)) (main.aux)
\openout1 = `main.aux'.

LaTeX Font Info:    Checking defaults for OML/cmm/m/it on input line 87.
LaTeX Font Info:    ... okay on input line 87.
LaTeX Font Info:    Checking defaults for OMS/cmsy/m/n on input line 87.
LaTeX Font Info:    ... okay on input line 87.
LaTeX Font Info:    Checking defaults for OT1/cmr/m/n on input line 87.
LaTeX Font Info:    ... okay on input line 87.
LaTeX Font Info:    Checking defaults for T1/cmr/m/n on input line 87.
LaTeX Font Info:    ... okay on input line 87.
LaTeX Font Info:    Checking defaults for TS1/cmr/m/n on input line 87.
LaTeX Font Info:    ... okay on input line 87.
LaTeX Font Info:    Checking defaults for OMX/cmex/m/n on input line 87.
LaTeX Font Info:    ... okay on input line 87.
LaTeX Font Info:    Checking defaults for U/cmr/m/n on input line 87.
LaTeX Font Info:    ... okay on input line 87.
LaTeX Font Info:    Checking defaults for PD1/pdf/m/n on input line 87.
LaTeX Font Info:    ... okay on input line 87.
LaTeX Font Info:    Checking defaults for PU/pdf/m/n on input line 87.
LaTeX Font Info:    ... okay on input line 87.
 (C:\Program Files\MiKTeX\tex/context/base/mkii\supp-pdf.mkii
[Loading MPS to PDF converter (version 2006.09.02).]
\scratchcounter=\count398
\scratchdimen=\dimen324
\scratchbox=\box112
\nofMPsegments=\count399
\nofMParguments=\count400
\everyMPshowfont=\toks62
\MPscratchCnt=\count401
\MPscratchDim=\dimen325
\MPnumerator=\count402
\makeMPintoPDFobject=\count403
\everyMPtoPDFconversion=\toks63
) (C:\Program Files\MiKTeX\tex/latex/epstopdf-pkg\epstopdf-base.sty
Package: epstopdf-base 2020-01-24 v2.11 Base part for package epstopdf
Package epstopdf-base Info: Redefining graphics rule for `.eps' on input line 485.
 (C:\Program Files\MiKTeX\tex/latex/00miktex\epstopdf-sys.cfg
File: epstopdf-sys.cfg 2021/03/18 v2.0 Configuration of epstopdf for MiKTeX
))
Package caption Info: Begin \AtBeginDocument code.
Package caption Info: float package is loaded.
Package caption Info: hyperref package is loaded.
Package caption Info: listings package is loaded.
Package caption Info: longtable package is loaded.
 (C:\Users\atias\AppData\Roaming\MiKTeX\tex/latex/caption\ltcaption.sty
Package: ltcaption 2021/01/08 v1.4c longtable captions (AR)
)
Package caption Info: End \AtBeginDocument code.
\c@lstlisting=\count404
Package hyperref Info: Link coloring OFF on input line 87.
 (main.out) (main.out)
\@outlinefile=\write5
\openout5 = `main.out'.


*geometry* driver: auto-detecting
*geometry* detected driver: pdftex
*geometry* verbose mode - [ preamble ] result:
* driver: pdftex
* paper: a4paper
* layout: <same size as paper>
* layoutoffset:(h,v)=(0.0pt,0.0pt)
* modes: 
* h-part:(L,W,R)=(85.35826pt, 426.79135pt, 85.35826pt)
* v-part:(T,H,B)=(85.35826pt, 674.33032pt, 85.35826pt)
* \paperwidth=597.50787pt
* \paperheight=845.04684pt
* \textwidth=426.79135pt
* \textheight=674.33032pt
* \oddsidemargin=13.08827pt
* \evensidemargin=13.08827pt
* \topmargin=-51.91173pt
* \headheight=10.0pt
* \headsep=55.0pt
* \topskip=12.0pt
* \footskip=28.0pt
* \marginparwidth=35.0pt
* \marginparsep=10.0pt
* \columnsep=10.0pt
* \skip\footins=10.8pt plus 4.0pt minus 2.0pt
* \hoffset=0.0pt
* \voffset=0.0pt
* \mag=1000
* \@twocolumnfalse
* \@twosidefalse
* \@mparswitchfalse
* \@reversemarginfalse
* (1in=72.27pt=25.4mm, 1cm=28.453pt)

<public/foto-kelompok.jpg, id=250, 147.4308pt x 91.0602pt>
File: public/foto-kelompok.jpg Graphic file (type jpg)
<use public/foto-kelompok.jpg>
Package pdftex.def Info: public/foto-kelompok.jpg  used on input line 106.
(pdftex.def)             Requested size: 384.1096pt x 237.28168pt.
LaTeX Font Info:    Trying to load font information for U+msa on input line 114.
(C:\Program Files\MiKTeX\tex/latex/amsfonts\umsa.fd
File: umsa.fd 2013/01/14 v3.01 AMS symbols A
)
LaTeX Font Info:    Trying to load font information for U+msb on input line 114.
 (C:\Program Files\MiKTeX\tex/latex/amsfonts\umsb.fd
File: umsb.fd 2013/01/14 v3.01 AMS symbols B
) [1

{C:/Users/atias/AppData/Local/MiKTeX/fonts/map/pdftex/pdftex.map} <./public/foto-kelompok.jpg>] (main.toc
<public/logo-itb.png, id=295, 575.90157pt x 572.1375pt>
File: public/logo-itb.png Graphic file (type png)
<use public/logo-itb.png>
Package pdftex.def Info: public/logo-itb.png  used on input line 45.
(pdftex.def)             Requested size: 31.50333pt x 31.2982pt.
<public/logo-stei.png, id=296, 813.0375pt x 620.3175pt>
File: public/logo-stei.png Graphic file (type png)
<use public/logo-stei.png>
Package pdftex.def Info: public/logo-stei.png  used on input line 45.
(pdftex.def)             Requested size: 41.01402pt x 31.2982pt.


Package fancyhdr Warning: \headheight is too small (10.0pt): 
(fancyhdr)                Make it at least 48.79674pt, for example:
(fancyhdr)                \setlength{\headheight}{48.79674pt}.
(fancyhdr)                You might also make \topmargin smaller:
(fancyhdr)                \addtolength{\topmargin}{-38.79674pt}.


pdfTeX warning (ext4): destination with the same identifier (name{page.1}) has been already used, duplicate ignored
<to be read again> 
                   \relax 
l.45 ...numberline {3}Implementasi}{30}{chapter.3}
                                                  % [1


 <./public/logo-itb.png> <./public/logo-stei.png>])
\tf@toc=\write6
\openout6 = `main.toc'.

File: public/logo-itb.png Graphic file (type png)
<use public/logo-itb.png>
Package pdftex.def Info: public/logo-itb.png  used on input line 133.
(pdftex.def)             Requested size: 42.95348pt x 42.67912pt.
File: public/logo-stei.png Graphic file (type png)
<use public/logo-stei.png>
Package pdftex.def Info: public/logo-stei.png  used on input line 133.
(pdftex.def)             Requested size: 55.93837pt x 42.67912pt.


Package fancyhdr Warning: \headheight is too small (10.0pt): 
(fancyhdr)                Make it at least 59.81941pt, for example:
(fancyhdr)                \setlength{\headheight}{59.81941pt}.
(fancyhdr)                You might also make \topmargin smaller:
(fancyhdr)                \addtolength{\topmargin}{-49.81941pt}.

[2]
Bab 1.
(sections/01-algoritma.tex
File: public/logo-itb.png Graphic file (type png)
<use public/logo-itb.png>
Package pdftex.def Info: public/logo-itb.png  used on input line 48.
(pdftex.def)             Requested size: 31.50333pt x 31.2982pt.
File: public/logo-stei.png Graphic file (type png)
<use public/logo-stei.png>
Package pdftex.def Info: public/logo-stei.png  used on input line 48.
(pdftex.def)             Requested size: 41.01402pt x 31.2982pt.


Package fancyhdr Warning: \headheight is too small (10.0pt): 
(fancyhdr)                Make it at least 48.79674pt, for example:
(fancyhdr)                \setlength{\headheight}{48.79674pt}.
(fancyhdr)                You might also make \topmargin smaller:
(fancyhdr)                \addtolength{\topmargin}{-38.79674pt}.

[3


]
File: public/logo-itb.png Graphic file (type png)
<use public/logo-itb.png>
Package pdftex.def Info: public/logo-itb.png  used on input line 112.
(pdftex.def)             Requested size: 42.95348pt x 42.67912pt.
File: public/logo-stei.png Graphic file (type png)
<use public/logo-stei.png>
Package pdftex.def Info: public/logo-stei.png  used on input line 112.
(pdftex.def)             Requested size: 55.93837pt x 42.67912pt.


Package fancyhdr Warning: \headheight is too small (10.0pt): 
(fancyhdr)                Make it at least 59.81941pt, for example:
(fancyhdr)                \setlength{\headheight}{59.81941pt}.
(fancyhdr)                You might also make \topmargin smaller:
(fancyhdr)                \addtolength{\topmargin}{-49.81941pt}.

[4]
sections/01-algoritma.tex:167: ignored error: Infinite glue shrinkage found in box being split
File: public/logo-itb.png Graphic file (type png)
<use public/logo-itb.png>
Package pdftex.def Info: public/logo-itb.png  used on input line 167.
(pdftex.def)             Requested size: 42.95348pt x 42.67912pt.
File: public/logo-stei.png Graphic file (type png)
<use public/logo-stei.png>
Package pdftex.def Info: public/logo-stei.png  used on input line 167.
(pdftex.def)             Requested size: 55.93837pt x 42.67912pt.


Package fancyhdr Warning: \headheight is too small (10.0pt): 
(fancyhdr)                Make it at least 59.81941pt, for example:
(fancyhdr)                \setlength{\headheight}{59.81941pt}.
(fancyhdr)                You might also make \topmargin smaller:
(fancyhdr)                \addtolength{\topmargin}{-49.81941pt}.

[5]
File: public/logo-itb.png Graphic file (type png)
<use public/logo-itb.png>
Package pdftex.def Info: public/logo-itb.png  used on input line 226.
(pdftex.def)             Requested size: 42.95348pt x 42.67912pt.
File: public/logo-stei.png Graphic file (type png)
<use public/logo-stei.png>
Package pdftex.def Info: public/logo-stei.png  used on input line 226.
(pdftex.def)             Requested size: 55.93837pt x 42.67912pt.


Package fancyhdr Warning: \headheight is too small (10.0pt): 
(fancyhdr)                Make it at least 59.81941pt, for example:
(fancyhdr)                \setlength{\headheight}{59.81941pt}.
(fancyhdr)                You might also make \topmargin smaller:
(fancyhdr)                \addtolength{\topmargin}{-49.81941pt}.

[6]
Underfull \hbox (badness 10000) in paragraph at lines 283--283
[]|\T1/cmr/m/n/12 Hubungan de-ngan
 []

File: public/logo-itb.png Graphic file (type png)
<use public/logo-itb.png>
Package pdftex.def Info: public/logo-itb.png  used on input line 306.
(pdftex.def)             Requested size: 42.95348pt x 42.67912pt.
File: public/logo-stei.png Graphic file (type png)
<use public/logo-stei.png>
Package pdftex.def Info: public/logo-stei.png  used on input line 306.
(pdftex.def)             Requested size: 55.93837pt x 42.67912pt.

Package fancyhdr Warning: \headheight is too small (10.0pt): 
(fancyhdr)                Make it at least 59.81941pt, for example:
(fancyhdr)                \setlength{\headheight}{59.81941pt}.
(fancyhdr)                You might also make \topmargin smaller:
(fancyhdr)                \addtolength{\topmargin}{-49.81941pt}.

[7]
File: public/logo-itb.png Graphic file (type png)
<use public/logo-itb.png>
Package pdftex.def Info: public/logo-itb.png  used on input line 388.
(pdftex.def)             Requested size: 42.95348pt x 42.67912pt.
File: public/logo-stei.png Graphic file (type png)
<use public/logo-stei.png>
Package pdftex.def Info: public/logo-stei.png  used on input line 388.
(pdftex.def)             Requested size: 55.93837pt x 42.67912pt.


Package fancyhdr Warning: \headheight is too small (10.0pt): 
(fancyhdr)                Make it at least 59.81941pt, for example:
(fancyhdr)                \setlength{\headheight}{59.81941pt}.
(fancyhdr)                You might also make \topmargin smaller:
(fancyhdr)                \addtolength{\topmargin}{-49.81941pt}.

[8]

Package hyperref Warning: Token not allowed in a PDF string (Unicode):
(hyperref)                removing `math shift' on input line 390.


Package hyperref Warning: Token not allowed in a PDF string (Unicode):
(hyperref)                removing `math shift' on input line 390.


Package hyperref Warning: Token not allowed in a PDF string (Unicode):
(hyperref)                removing `math shift' on input line 390.


Package hyperref Warning: Token not allowed in a PDF string (Unicode):
(hyperref)                removing `math shift' on input line 390.


Package hyperref Warning: Token not allowed in a PDF string (Unicode):
(hyperref)                removing `math shift' on input line 390.


Package hyperref Warning: Token not allowed in a PDF string (Unicode):
(hyperref)                removing `math shift' on input line 390.

File: public/logo-itb.png Graphic file (type png)
<use public/logo-itb.png>
Package pdftex.def Info: public/logo-itb.png  used on input line 431.
(pdftex.def)             Requested size: 42.95348pt x 42.67912pt.
File: public/logo-stei.png Graphic file (type png)
<use public/logo-stei.png>
Package pdftex.def Info: public/logo-stei.png  used on input line 431.
(pdftex.def)             Requested size: 55.93837pt x 42.67912pt.

Package fancyhdr Warning: \headheight is too small (10.0pt): 
(fancyhdr)                Make it at least 59.81941pt, for example:
(fancyhdr)                \setlength{\headheight}{59.81941pt}.
(fancyhdr)                You might also make \topmargin smaller:
(fancyhdr)                \addtolength{\topmargin}{-49.81941pt}.

[9]
File: public/logo-itb.png Graphic file (type png)
<use public/logo-itb.png>
Package pdftex.def Info: public/logo-itb.png  used on input line 482.
(pdftex.def)             Requested size: 42.95348pt x 42.67912pt.
File: public/logo-stei.png Graphic file (type png)
<use public/logo-stei.png>
Package pdftex.def Info: public/logo-stei.png  used on input line 482.
(pdftex.def)             Requested size: 55.93837pt x 42.67912pt.


Package fancyhdr Warning: \headheight is too small (10.0pt): 
(fancyhdr)                Make it at least 59.81941pt, for example:
(fancyhdr)                \setlength{\headheight}{59.81941pt}.
(fancyhdr)                You might also make \topmargin smaller:
(fancyhdr)                \addtolength{\topmargin}{-49.81941pt}.

[10]
Underfull \hbox (badness 10000) in paragraph at lines 505--505
[]|\T1/cmr/m/n/12 Optimal ji-ka he-u-ris-tik
 []


Overfull \hbox (9.1472pt too wide) in paragraph at lines 492--510
 [][] 
 []

File: public/logo-itb.png Graphic file (type png)
<use public/logo-itb.png>
Package pdftex.def Info: public/logo-itb.png  used on input line 537.
(pdftex.def)             Requested size: 42.95348pt x 42.67912pt.
File: public/logo-stei.png Graphic file (type png)
<use public/logo-stei.png>
Package pdftex.def Info: public/logo-stei.png  used on input line 537.
(pdftex.def)             Requested size: 55.93837pt x 42.67912pt.

Package fancyhdr Warning: \headheight is too small (10.0pt): 
(fancyhdr)                Make it at least 59.81941pt, for example:
(fancyhdr)                \setlength{\headheight}{59.81941pt}.
(fancyhdr)                You might also make \topmargin smaller:
(fancyhdr)                \addtolength{\topmargin}{-49.81941pt}.

[11]
File: public/logo-itb.png Graphic file (type png)
<use public/logo-itb.png>
Package pdftex.def Info: public/logo-itb.png  used on input line 589.
(pdftex.def)             Requested size: 42.95348pt x 42.67912pt.
File: public/logo-stei.png Graphic file (type png)
<use public/logo-stei.png>
Package pdftex.def Info: public/logo-stei.png  used on input line 589.
(pdftex.def)             Requested size: 55.93837pt x 42.67912pt.


Package fancyhdr Warning: \headheight is too small (10.0pt): 
(fancyhdr)                Make it at least 59.81941pt, for example:
(fancyhdr)                \setlength{\headheight}{59.81941pt}.
(fancyhdr)                You might also make \topmargin smaller:
(fancyhdr)                \addtolength{\topmargin}{-49.81941pt}.

[12]
Underfull \hbox (badness 10000) in paragraph at lines 621--622
[]|\T1/cmr/m/n/12 Menghitung he-u-ris-tik un-tuk sta-te awal meng-gu-nak-an fung-si
 []

sections/01-algoritma.tex:653: ignored error: Infinite glue shrinkage found in box being split
File: public/logo-itb.png Graphic file (type png)
<use public/logo-itb.png>
Package pdftex.def Info: public/logo-itb.png  used on input line 653.
(pdftex.def)             Requested size: 42.95348pt x 42.67912pt.
File: public/logo-stei.png Graphic file (type png)
<use public/logo-stei.png>
Package pdftex.def Info: public/logo-stei.png  used on input line 653.
(pdftex.def)             Requested size: 55.93837pt x 42.67912pt.


Package fancyhdr Warning: \headheight is too small (10.0pt): 
(fancyhdr)                Make it at least 59.81941pt, for example:
(fancyhdr)                \setlength{\headheight}{59.81941pt}.
(fancyhdr)                You might also make \topmargin smaller:
(fancyhdr)                \addtolength{\topmargin}{-49.81941pt}.

[13]
Overfull \hbox (20.22025pt too wide) in paragraph at lines 696--699
\T1/cmr/m/n/12 Se-ti-ap arah ha-rus di-si-mu-la-sik-an ter-le-bih da-hu-lu meng-gu-nak-an \T1/cmtt/m/n/12 MovementEngine::slide\T1/cmr/m/n/12 .
 []

File: public/logo-itb.png Graphic file (type png)
<use public/logo-itb.png>
Package pdftex.def Info: public/logo-itb.png  used on input line 720.
(pdftex.def)             Requested size: 42.95348pt x 42.67912pt.
File: public/logo-stei.png Graphic file (type png)
<use public/logo-stei.png>
Package pdftex.def Info: public/logo-stei.png  used on input line 720.
(pdftex.def)             Requested size: 55.93837pt x 42.67912pt.

Package fancyhdr Warning: \headheight is too small (10.0pt): 
(fancyhdr)                Make it at least 59.81941pt, for example:
(fancyhdr)                \setlength{\headheight}{59.81941pt}.
(fancyhdr)                You might also make \topmargin smaller:
(fancyhdr)                \addtolength{\topmargin}{-49.81941pt}.

[14]
File: public/logo-itb.png Graphic file (type png)
<use public/logo-itb.png>
Package pdftex.def Info: public/logo-itb.png  used on input line 772.
(pdftex.def)             Requested size: 42.95348pt x 42.67912pt.
File: public/logo-stei.png Graphic file (type png)
<use public/logo-stei.png>
Package pdftex.def Info: public/logo-stei.png  used on input line 772.
(pdftex.def)             Requested size: 55.93837pt x 42.67912pt.


Package fancyhdr Warning: \headheight is too small (10.0pt): 
(fancyhdr)                Make it at least 59.81941pt, for example:
(fancyhdr)                \setlength{\headheight}{59.81941pt}.
(fancyhdr)                You might also make \topmargin smaller:
(fancyhdr)                \addtolength{\topmargin}{-49.81941pt}.

[15]
Underfull \hbox (badness 10000) in paragraph at lines 790--790
[]|\T1/cmr/m/n/10.95 Memperhatikan
 []


Underfull \hbox (badness 7576) in paragraph at lines 790--790
[]|\T1/cmr/m/n/10.95 Tidak se-ba-gai
 []


Underfull \hbox (badness 1412) in paragraph at lines 790--791
\T1/cmr/m/n/10.95 ruh he-u-ris-tik le-
 []


Underfull \hbox (badness 10000) in paragraph at lines 792--792
[]|\T1/cmr/m/n/10.95 Menggunakan
 []


Underfull \hbox (badness 2050) in paragraph at lines 794--794
[]|\T1/cmr/m/n/10.95 Kecepatan pen-
 []


Underfull \hbox (badness 6893) in paragraph at lines 794--794
[]|\T1/cmr/m/n/10.95 Cenderung le-
 []


Underfull \hbox (badness 6893) in paragraph at lines 794--794
[]|\T1/cmr/m/n/10.95 Cenderung le-
 []


Underfull \hbox (badness 6575) in paragraph at lines 794--795
[]|\T1/cmr/m/n/10.95 Cenderung le-bih
 []


Underfull \hbox (badness 4291) in paragraph at lines 796--796
[]|\T1/cmr/m/n/10.95 Optimalitas so-
 []


Underfull \hbox (badness 10000) in paragraph at lines 796--796
[]|\T1/cmr/m/n/10.95 Tidak se-la-lu
 []


Underfull \hbox (badness 4792) in paragraph at lines 796--796
\T1/cmr/m/n/10.95 u-ris-tik admis-si-
 []


Underfull \hbox (badness 3138) in paragraph at lines 798--798
[]|\T1/cmr/m/n/10.95 Bergantung pa-
 []


Underfull \hbox (badness 2050) in paragraph at lines 800--800
[]|\T1/cmr/m/n/10.95 Cocok di-gu-nak-
 []


Underfull \hbox (badness 10000) in paragraph at lines 800--800
[]|\T1/cmr/m/n/10.95 Mencari cost
 []


Underfull \hbox (badness 3271) in paragraph at lines 800--800
[]|\T1/cmr/m/n/10.95 Mencari so-lu-si
 []


Underfull \hbox (badness 10000) in paragraph at lines 800--800
[]|\T1/cmr/m/n/10.95 Keseimbangan
 []


Underfull \hbox (badness 4048) in paragraph at lines 800--800
\T1/cmr/m/n/10.95 cost dan ke-ce-
 []


Underfull \hbox (badness 10000) in paragraph at lines 800--801
[]|\T1/cmr/m/n/10.95 Eksperimen
 []


Underfull \hbox (badness 10000) in paragraph at lines 800--801
\T1/cmr/m/n/10.95 trade-off ke-
 []


Underfull \hbox (badness 10000) in paragraph at lines 800--801
\T1/cmr/m/n/10.95 ce-pat-an dan
 []


Overfull \hbox (28.25713pt too wide) in paragraph at lines 783--803
 [][] 
 []

)
File: public/logo-itb.png Graphic file (type png)
<use public/logo-itb.png>
Package pdftex.def Info: public/logo-itb.png  used on input line 137.
(pdftex.def)             Requested size: 42.95348pt x 42.67912pt.
File: public/logo-stei.png Graphic file (type png)
<use public/logo-stei.png>
Package pdftex.def Info: public/logo-stei.png  used on input line 137.
(pdftex.def)             Requested size: 55.93837pt x 42.67912pt.


Package fancyhdr Warning: \headheight is too small (10.0pt): 
(fancyhdr)                Make it at least 59.81941pt, for example:
(fancyhdr)                \setlength{\headheight}{59.81941pt}.
(fancyhdr)                You might also make \topmargin smaller:
(fancyhdr)                \addtolength{\topmargin}{-49.81941pt}.

[16]
File: public/logo-itb.png Graphic file (type png)
<use public/logo-itb.png>
Package pdftex.def Info: public/logo-itb.png  used on input line 138.
(pdftex.def)             Requested size: 42.95348pt x 42.67912pt.
File: public/logo-stei.png Graphic file (type png)
<use public/logo-stei.png>
Package pdftex.def Info: public/logo-stei.png  used on input line 138.
(pdftex.def)             Requested size: 55.93837pt x 42.67912pt.


Package fancyhdr Warning: \headheight is too small (10.0pt): 
(fancyhdr)                Make it at least 59.81941pt, for example:
(fancyhdr)                \setlength{\headheight}{59.81941pt}.
(fancyhdr)                You might also make \topmargin smaller:
(fancyhdr)                \addtolength{\topmargin}{-49.81941pt}.

[17]
Bab 2.
(sections/02-analisa.tex
Underfull \hbox (badness 1009) in paragraph at lines 41--41
\T1/cmr/m/n/12 so-lu-si, te-ta-pi ti-dak
 []


Overfull \hbox (15.85626pt too wide) in paragraph at lines 34--46
 [][] 
 []

File: public/logo-itb.png Graphic file (type png)
<use public/logo-itb.png>
Package pdftex.def Info: public/logo-itb.png  used on input line 47.
(pdftex.def)             Requested size: 31.50333pt x 31.2982pt.
File: public/logo-stei.png Graphic file (type png)
<use public/logo-stei.png>
Package pdftex.def Info: public/logo-stei.png  used on input line 47.
(pdftex.def)             Requested size: 41.01402pt x 31.2982pt.

Package fancyhdr Warning: \headheight is too small (10.0pt): 
(fancyhdr)                Make it at least 48.79674pt, for example:
(fancyhdr)                \setlength{\headheight}{48.79674pt}.
(fancyhdr)                You might also make \topmargin smaller:
(fancyhdr)                \addtolength{\topmargin}{-38.79674pt}.

[18

]
Overfull \hbox (58.08444pt too wide) detected at line 103
[]\OT1/cmr/m/n/12 (\OML/cmm/m/it/12 n\OT1/cmr/m/n/12 ) = []
 []

File: public/logo-itb.png Graphic file (type png)
<use public/logo-itb.png>
Package pdftex.def Info: public/logo-itb.png  used on input line 105.
(pdftex.def)             Requested size: 42.95348pt x 42.67912pt.
File: public/logo-stei.png Graphic file (type png)
<use public/logo-stei.png>
Package pdftex.def Info: public/logo-stei.png  used on input line 105.
(pdftex.def)             Requested size: 55.93837pt x 42.67912pt.

Package fancyhdr Warning: \headheight is too small (10.0pt): 
(fancyhdr)                Make it at least 59.81941pt, for example:
(fancyhdr)                \setlength{\headheight}{59.81941pt}.
(fancyhdr)                You might also make \topmargin smaller:
(fancyhdr)                \addtolength{\topmargin}{-49.81941pt}.

[19]
Overfull \hbox (9.14719pt too wide) in alignment at lines 130--136
 [] [] [] 
 []


Overfull \hbox (9.14719pt too wide) in alignment at lines 136--142
 [] [] [] 
 []


Underfull \hbox (badness 4441) in paragraph at lines 148--148
\T1/cmr/m/n/12 lik-an cost ti-le mi-ni-mum
 []


Underfull \hbox (badness 10000) in paragraph at lines 148--149
\T1/cmr/m/n/12 ka-re-na mem-per-tim-bangk-an
 []


Underfull \hbox (badness 2600) in paragraph at lines 148--149
\T1/cmr/m/n/12 pi te-tap be-lum se-pe-nuh-nya
 []


Underfull \hbox (badness 4713) in paragraph at lines 150--150
[]|\T1/cmr/m/n/12 Remaining Tar-get
 []


Overfull \hbox (9.14719pt too wide) in alignment at lines 142--152
 [] [] [] 
 []

sections/02-analisa.tex:152: ignored error: Infinite glue shrinkage found in box being split
File: public/logo-itb.png Graphic file (type png)
<use public/logo-itb.png>
Package pdftex.def Info: public/logo-itb.png  used on input line 152.
(pdftex.def)             Requested size: 42.95348pt x 42.67912pt.
File: public/logo-stei.png Graphic file (type png)
<use public/logo-stei.png>
Package pdftex.def Info: public/logo-stei.png  used on input line 152.
(pdftex.def)             Requested size: 55.93837pt x 42.67912pt.


Package fancyhdr Warning: \headheight is too small (10.0pt): 
(fancyhdr)                Make it at least 59.81941pt, for example:
(fancyhdr)                \setlength{\headheight}{59.81941pt}.
(fancyhdr)                You might also make \topmargin smaller:
(fancyhdr)                \addtolength{\topmargin}{-49.81941pt}.

[20]
Overfull \hbox (37.48738pt too wide) in paragraph at lines 165--165
[]|\T1/cmr/bx/n/12 Dipertimbangkan?| 
 []


Underfull \hbox (badness 1430) in paragraph at lines 167--168
[]|\T1/cmr/m/n/12 Goal di-gu-nak-an se-ba-gai tar-get
 []


Underfull \hbox (badness 10000) in paragraph at lines 171--171
[]|\T1/cmr/m/n/12 Tidak lang-
 []


Underfull \hbox (badness 10000) in paragraph at lines 173--173
[]|\T1/cmr/m/n/12 Tergantung
 []


Underfull \hbox (badness 1377) in paragraph at lines 173--174
\T1/cmr/m/n/12 hi-tungk-an cost ti-le, se-dangk-an
 []


Underfull \hbox (badness 10000) in paragraph at lines 175--175
[]|\T1/cmr/m/n/12 Tidak lang-
 []


Underfull \hbox (badness 1264) in paragraph at lines 175--176
[]|\T1/cmr/m/n/12 Obstacle ti-dak di-hi-tung da-lam
 []


Underfull \hbox (badness 1867) in paragraph at lines 175--176
\T1/cmr/m/n/12 ru-mus ja-rak se-der-ha-na, te-ta-pi
 []


Underfull \hbox (badness 10000) in paragraph at lines 177--177
[]|\T1/cmr/m/n/12 Tidak lang-
 []

File: public/logo-itb.png Graphic file (type png)
<use public/logo-itb.png>
Package pdftex.def Info: public/logo-itb.png  used on input line 204.
(pdftex.def)             Requested size: 42.95348pt x 42.67912pt.
File: public/logo-stei.png Graphic file (type png)
<use public/logo-stei.png>
Package pdftex.def Info: public/logo-stei.png  used on input line 204.
(pdftex.def)             Requested size: 55.93837pt x 42.67912pt.

Package fancyhdr Warning: \headheight is too small (10.0pt): 
(fancyhdr)                Make it at least 59.81941pt, for example:
(fancyhdr)                \setlength{\headheight}{59.81941pt}.
(fancyhdr)                You might also make \topmargin smaller:
(fancyhdr)                \addtolength{\topmargin}{-49.81941pt}.

[21]
Underfull \hbox (badness 10000) in paragraph at lines 239--239
[]|\T1/cmr/m/n/12 Tidak mem-per-tim-
 []


Overfull \hbox (9.14719pt too wide) in paragraph at lines 252--264
 [][] 
 []

File: public/logo-itb.png Graphic file (type png)
<use public/logo-itb.png>
Package pdftex.def Info: public/logo-itb.png  used on input line 265.
(pdftex.def)             Requested size: 42.95348pt x 42.67912pt.
File: public/logo-stei.png Graphic file (type png)
<use public/logo-stei.png>
Package pdftex.def Info: public/logo-stei.png  used on input line 265.
(pdftex.def)             Requested size: 55.93837pt x 42.67912pt.

Package fancyhdr Warning: \headheight is too small (10.0pt): 
(fancyhdr)                Make it at least 59.81941pt, for example:
(fancyhdr)                \setlength{\headheight}{59.81941pt}.
(fancyhdr)                You might also make \topmargin smaller:
(fancyhdr)                \addtolength{\topmargin}{-49.81941pt}.

[22]
File: public/logo-itb.png Graphic file (type png)
<use public/logo-itb.png>
Package pdftex.def Info: public/logo-itb.png  used on input line 307.
(pdftex.def)             Requested size: 42.95348pt x 42.67912pt.
File: public/logo-stei.png Graphic file (type png)
<use public/logo-stei.png>
Package pdftex.def Info: public/logo-stei.png  used on input line 307.
(pdftex.def)             Requested size: 55.93837pt x 42.67912pt.


Package fancyhdr Warning: \headheight is too small (10.0pt): 
(fancyhdr)                Make it at least 59.81941pt, for example:
(fancyhdr)                \setlength{\headheight}{59.81941pt}.
(fancyhdr)                You might also make \topmargin smaller:
(fancyhdr)                \addtolength{\topmargin}{-49.81941pt}.

[23]
Overfull \hbox (6.30174pt too wide) in alignment at lines 316--322
 [] [] [] 
 []


Overfull \hbox (6.30174pt too wide) in alignment at lines 322--328
 [] [] [] 
 []


Overfull \hbox (6.30174pt too wide) in alignment at lines 328--336
 [] [] [] 
 []

File: public/logo-itb.png Graphic file (type png)
<use public/logo-itb.png>
Package pdftex.def Info: public/logo-itb.png  used on input line 362.
(pdftex.def)             Requested size: 42.95348pt x 42.67912pt.
File: public/logo-stei.png Graphic file (type png)
<use public/logo-stei.png>
Package pdftex.def Info: public/logo-stei.png  used on input line 362.
(pdftex.def)             Requested size: 55.93837pt x 42.67912pt.

Package fancyhdr Warning: \headheight is too small (10.0pt): 
(fancyhdr)                Make it at least 59.81941pt, for example:
(fancyhdr)                \setlength{\headheight}{59.81941pt}.
(fancyhdr)                You might also make \topmargin smaller:
(fancyhdr)                \addtolength{\topmargin}{-49.81941pt}.

[24]
File: public/logo-itb.png Graphic file (type png)
<use public/logo-itb.png>
Package pdftex.def Info: public/logo-itb.png  used on input line 404.
(pdftex.def)             Requested size: 42.95348pt x 42.67912pt.
File: public/logo-stei.png Graphic file (type png)
<use public/logo-stei.png>
Package pdftex.def Info: public/logo-stei.png  used on input line 404.
(pdftex.def)             Requested size: 55.93837pt x 42.67912pt.


Package fancyhdr Warning: \headheight is too small (10.0pt): 
(fancyhdr)                Make it at least 59.81941pt, for example:
(fancyhdr)                \setlength{\headheight}{59.81941pt}.
(fancyhdr)                You might also make \topmargin smaller:
(fancyhdr)                \addtolength{\topmargin}{-49.81941pt}.

[25]
Underfull \hbox (badness 1817) in paragraph at lines 438--438
[]|\T1/cmr/m/n/12 Ketergantungan he-u-
 []


Underfull \hbox (badness 1248) in paragraph at lines 440--441
[]|\T1/cmr/m/n/12 Kurang am-an un-tuk cost
 []


Overfull \hbox (9.1472pt too wide) in paragraph at lines 427--443
 [][] 
 []


Underfull \hbox (badness 10000) in paragraph at lines 457--458
[]|\T1/cmr/m/n/12 Optimal ji-ka he-u-ris-tik
 []


Underfull \hbox (badness 3118) in paragraph at lines 463--463
[]|\T1/cmr/m/n/12 Tidak meng-gu-nak-an es-ti-
 []


Overfull \hbox (9.1472pt too wide) in paragraph at lines 450--466
 [][] 
 []

File: public/logo-itb.png Graphic file (type png)
<use public/logo-itb.png>
Package pdftex.def Info: public/logo-itb.png  used on input line 467.
(pdftex.def)             Requested size: 42.95348pt x 42.67912pt.
File: public/logo-stei.png Graphic file (type png)
<use public/logo-stei.png>
Package pdftex.def Info: public/logo-stei.png  used on input line 467.
(pdftex.def)             Requested size: 55.93837pt x 42.67912pt.

Package fancyhdr Warning: \headheight is too small (10.0pt): 
(fancyhdr)                Make it at least 59.81941pt, for example:
(fancyhdr)                \setlength{\headheight}{59.81941pt}.
(fancyhdr)                You might also make \topmargin smaller:
(fancyhdr)                \addtolength{\topmargin}{-49.81941pt}.

[26]
Underfull \hbox (badness 10000) in paragraph at lines 482--483
[]|\T1/cmr/m/n/12 Dijamin ji-ka he-u-ris-tik
 []


Underfull \hbox (badness 10000) in paragraph at lines 484--484
[]|\T1/cmr/m/n/12 Tidak men-ja-di pri-o-ri-tas
 []


Underfull \hbox (badness 1092) in paragraph at lines 486--486
[]|\T1/cmr/m/n/12 Terjebak pa-da ja-lur yang
 []


Overfull \hbox (9.1472pt too wide) in paragraph at lines 473--489
 [][] 
 []


Overfull \hbox (10.1658pt too wide) in alignment at lines 491--497
 [] [] [] [] 
 []


Overfull \hbox (10.1658pt too wide) in alignment at lines 497--503
 [] [] [] [] 
 []


Underfull \hbox (badness 1412) in paragraph at lines 505--506
[]|\T1/cmr/m/n/12 Tinggi ji-ka he-u-
 []


Underfull \hbox (badness 4291) in paragraph at lines 509--509
[]|\T1/cmr/m/n/12 Cenderung le-bih
 []


Underfull \hbox (badness 4291) in paragraph at lines 509--509
[]|\T1/cmr/m/n/12 Cenderung le-bih
 []


Underfull \hbox (badness 2088) in paragraph at lines 509--510
[]|\T1/cmr/m/n/12 Bergantung he-u-
 []


Underfull \hbox (badness 1817) in paragraph at lines 513--513
[]|\T1/cmr/m/n/12 Ketergantungan he-u-
 []


Underfull \hbox (badness 10000) in paragraph at lines 515--515
[]|\T1/cmr/m/n/12 Kurang co-cok
 []


Overfull \hbox (10.1658pt too wide) in alignment at lines 503--517
 [] [] [] [] 
 []

File: public/logo-itb.png Graphic file (type png)
<use public/logo-itb.png>
Package pdftex.def Info: public/logo-itb.png  used on input line 532.
(pdftex.def)             Requested size: 42.95348pt x 42.67912pt.
File: public/logo-stei.png Graphic file (type png)
<use public/logo-stei.png>
Package pdftex.def Info: public/logo-stei.png  used on input line 532.
(pdftex.def)             Requested size: 55.93837pt x 42.67912pt.

Package fancyhdr Warning: \headheight is too small (10.0pt): 
(fancyhdr)                Make it at least 59.81941pt, for example:
(fancyhdr)                \setlength{\headheight}{59.81941pt}.
(fancyhdr)                You might also make \topmargin smaller:
(fancyhdr)                \addtolength{\topmargin}{-49.81941pt}.

[27]
Underfull \hbox (badness 3179) in paragraph at lines 549--550
[]|\T1/cmr/m/n/12 Jumlah cost se-lu-ruh ti-le
 []


Overfull \hbox (9.1472pt too wide) in paragraph at lines 542--562
 [][] 
 []


Underfull \hbox (badness 10000) in paragraph at lines 588--588
[]|\T1/cmr/m/n/12 Lava me-nye-babk-an
 []


Underfull \hbox (badness 2334) in paragraph at lines 594--594
[]|\T1/cmr/m/n/12 Goal ha-rus ber-hen-ti
 []

File: public/logo-itb.png Graphic file (type png)
<use public/logo-itb.png>
Package pdftex.def Info: public/logo-itb.png  used on input line 598.
(pdftex.def)             Requested size: 42.95348pt x 42.67912pt.
File: public/logo-stei.png Graphic file (type png)
<use public/logo-stei.png>
Package pdftex.def Info: public/logo-stei.png  used on input line 598.
(pdftex.def)             Requested size: 55.93837pt x 42.67912pt.

Package fancyhdr Warning: \headheight is too small (10.0pt): 
(fancyhdr)                Make it at least 59.81941pt, for example:
(fancyhdr)                \setlength{\headheight}{59.81941pt}.
(fancyhdr)                You might also make \topmargin smaller:
(fancyhdr)                \addtolength{\topmargin}{-49.81941pt}.

[28])
File: public/logo-itb.png Graphic file (type png)
<use public/logo-itb.png>
Package pdftex.def Info: public/logo-itb.png  used on input line 141.
(pdftex.def)             Requested size: 42.95348pt x 42.67912pt.
File: public/logo-stei.png Graphic file (type png)
<use public/logo-stei.png>
Package pdftex.def Info: public/logo-stei.png  used on input line 141.
(pdftex.def)             Requested size: 55.93837pt x 42.67912pt.


Package fancyhdr Warning: \headheight is too small (10.0pt): 
(fancyhdr)                Make it at least 59.81941pt, for example:
(fancyhdr)                \setlength{\headheight}{59.81941pt}.
(fancyhdr)                You might also make \topmargin smaller:
(fancyhdr)                \addtolength{\topmargin}{-49.81941pt}.

[29]
Bab 3.
(sections/03-implementasi.tex
Underfull \hbox (badness 1371) in paragraph at lines 38--39
[]|\T1/cmtt/m/n/12 iostream\T1/cmr/m/n/12 , \T1/cmtt/m/n/12 fstream\T1/cmr/m/n/12 , \T1/cmtt/m/n/12 vector\T1/cmr/m/n/12 , \T1/cmtt/m/n/12 string\T1/cmr/m/n/12 , \T1/cmtt/m/n/12 queue\T1/cmr/m/n/12 , \T1/cmtt/m/n/12 map\T1/cmr/m/n/12 ,
 []


Underfull \hbox (badness 10000) in paragraph at lines 42--42
[]|\T1/cmr/m/n/12 Cara men-ja-lank-an
 []

File: public/logo-itb.png Graphic file (type png)
<use public/logo-itb.png>
Package pdftex.def Info: public/logo-itb.png  used on input line 46.
(pdftex.def)             Requested size: 31.50333pt x 31.2982pt.
File: public/logo-stei.png Graphic file (type png)
<use public/logo-stei.png>
Package pdftex.def Info: public/logo-stei.png  used on input line 46.
(pdftex.def)             Requested size: 41.01402pt x 31.2982pt.

Package fancyhdr Warning: \headheight is too small (10.0pt): 
(fancyhdr)                Make it at least 48.79674pt, for example:
(fancyhdr)                \setlength{\headheight}{48.79674pt}.
(fancyhdr)                You might also make \topmargin smaller:
(fancyhdr)                \addtolength{\topmargin}{-38.79674pt}.

[30

]
File: public/logo-itb.png Graphic file (type png)
<use public/logo-itb.png>
Package pdftex.def Info: public/logo-itb.png  used on input line 90.
(pdftex.def)             Requested size: 42.95348pt x 42.67912pt.
File: public/logo-stei.png Graphic file (type png)
<use public/logo-stei.png>
Package pdftex.def Info: public/logo-stei.png  used on input line 90.
(pdftex.def)             Requested size: 55.93837pt x 42.67912pt.


Package fancyhdr Warning: \headheight is too small (10.0pt): 
(fancyhdr)                Make it at least 59.81941pt, for example:
(fancyhdr)                \setlength{\headheight}{59.81941pt}.
(fancyhdr)                You might also make \topmargin smaller:
(fancyhdr)                \addtolength{\topmargin}{-49.81941pt}.

[31]
Underfull \hbox (badness 10000) in paragraph at lines 113--113
[]|\T1/cmtt/m/n/12 src/model/ \T1/cmr/m/n/12 dan
 []


Underfull \hbox (badness 10000) in paragraph at lines 115--115
[]|\T1/cmtt/m/n/12 src/heuristic/
 []


Underfull \hbox (badness 10000) in paragraph at lines 115--115
\T1/cmr/m/n/12 dan
 []


Overfull \hbox (11.53822pt too wide) in paragraph at lines 115--115
\T1/cmtt/m/n/12 include/heuristic/| 
 []


Underfull \hbox (badness 10000) in paragraph at lines 117--117
[]|\T1/cmtt/m/n/12 src/utils/ \T1/cmr/m/n/12 dan
 []


Underfull \hbox (badness 10000) in paragraph at lines 119--119
[]|\T1/cmtt/m/n/12 src/cli/ \T1/cmr/m/n/12 dan
 []


Underfull \hbox (badness 10000) in paragraph at lines 121--121
[]|\T1/cmtt/m/n/12 src/gui/ \T1/cmr/m/n/12 dan
 []

sections/03-implementasi.tex:131: ignored error: Infinite glue shrinkage found in box being split
File: public/logo-itb.png Graphic file (type png)
<use public/logo-itb.png>
Package pdftex.def Info: public/logo-itb.png  used on input line 131.
(pdftex.def)             Requested size: 42.95348pt x 42.67912pt.
File: public/logo-stei.png Graphic file (type png)
<use public/logo-stei.png>
Package pdftex.def Info: public/logo-stei.png  used on input line 131.
(pdftex.def)             Requested size: 55.93837pt x 42.67912pt.


Package fancyhdr Warning: \headheight is too small (10.0pt): 
(fancyhdr)                Make it at least 59.81941pt, for example:
(fancyhdr)                \setlength{\headheight}{59.81941pt}.
(fancyhdr)                You might also make \topmargin smaller:
(fancyhdr)                \addtolength{\topmargin}{-49.81941pt}.

[32]
Overfull \hbox (9.1472pt too wide) in alignment at lines 169--175
 [] [] [] 
 []


Overfull \hbox (9.1472pt too wide) in alignment at lines 175--181
 [] [] [] 
 []


Underfull \hbox (badness 10000) in paragraph at lines 183--183
[]|\T1/cmtt/m/n/12 include/model/ \T1/cmr/m/n/12 dan
 []


Underfull \hbox (badness 10000) in paragraph at lines 185--185
[]|\T1/cmtt/m/n/12 include/model/ \T1/cmr/m/n/12 dan
 []


Underfull \hbox (badness 10000) in paragraph at lines 185--186
[]|\T1/cmr/m/n/12 Merepresentasikan sta-te
 []


Underfull \hbox (badness 10000) in paragraph at lines 185--186
\T1/cmr/m/n/12 ter-a-khir, dan co-lle-cted
 []


Underfull \hbox (badness 10000) in paragraph at lines 187--187
[]|\T1/cmtt/m/n/12 include/model/ \T1/cmr/m/n/12 dan
 []


Underfull \hbox (badness 10000) in paragraph at lines 187--188
[]|\T1/cmr/m/n/12 Menyimpan kon-fi-gu-ra-si
 []


Underfull \hbox (badness 6477) in paragraph at lines 187--188
\T1/cmr/m/n/12 pap-an, cost ti-le, po-si-si
 []


Underfull \hbox (badness 10000) in paragraph at lines 189--189
[]|\T1/cmtt/m/n/12 include/model/ \T1/cmr/m/n/12 dan
 []


Underfull \hbox (badness 1466) in paragraph at lines 189--190
[]|\T1/cmr/m/n/12 Menyimpan ha-sil si-mu-la-si
 []


Underfull \hbox (badness 10000) in paragraph at lines 191--191
[]|\T1/cmtt/m/n/12 include/model/ \T1/cmr/m/n/12 dan
 []


Underfull \hbox (badness 10000) in paragraph at lines 193--193
[]|\T1/cmtt/m/n/12 include/utils/ \T1/cmr/m/n/12 atau
 []


Underfull \hbox (badness 10000) in paragraph at lines 195--196
[]|\T1/cmr/m/n/12 Memvalidasi kon-fi-gu-ra-si
 []


Underfull \hbox (badness 10000) in paragraph at lines 197--197
[]|\T1/cmtt/m/n/12 include/utils/ \T1/cmr/m/n/12 dan
 []


Underfull \hbox (badness 10000) in paragraph at lines 197--198
\T1/cmr/m/n/12 sli-ding dan me-nen-tuk-an
 []


Overfull \hbox (18.24702pt too wide) in paragraph at lines 199--199
[]|\T1/cmtt/m/n/12 include/solver/ISolver.hpp| 
 []


Underfull \hbox (badness 10000) in paragraph at lines 201--201
[]|\T1/cmtt/m/n/12 include/solver/UCS.hpp
 []


Underfull \hbox (badness 10000) in paragraph at lines 203--203
[]|\T1/cmtt/m/n/12 include/solver/GBFS.hpp
 []


Overfull \hbox (5.90004pt too wide) in paragraph at lines 205--205
[]|\T1/cmtt/m/n/12 include/solver/AStar.hpp
 []


Underfull \hbox (badness 10000) in paragraph at lines 205--205
\T1/cmr/m/n/12 dan
 []


Underfull \hbox (badness 10000) in paragraph at lines 209--209
[]|\T1/cmtt/m/n/12 include/utils/ \T1/cmr/m/n/12 atau
 []


Underfull \hbox (badness 10000) in paragraph at lines 211--211
[]|\T1/cmtt/m/n/12 include/cli/ \T1/cmr/m/n/12 dan
 []


Underfull \hbox (badness 10000) in paragraph at lines 213--213
[]|\T1/cmtt/m/n/12 include/gui/ \T1/cmr/m/n/12 dan
 []


Overfull \hbox (9.1472pt too wide) in alignment at lines 181--215
 [] [] [] 
 []

File: public/logo-itb.png Graphic file (type png)
<use public/logo-itb.png>
Package pdftex.def Info: public/logo-itb.png  used on input line 215.
(pdftex.def)             Requested size: 42.95348pt x 42.67912pt.
File: public/logo-stei.png Graphic file (type png)
<use public/logo-stei.png>
Package pdftex.def Info: public/logo-stei.png  used on input line 215.
(pdftex.def)             Requested size: 55.93837pt x 42.67912pt.

Package fancyhdr Warning: \headheight is too small (10.0pt): 
(fancyhdr)                Make it at least 59.81941pt, for example:
(fancyhdr)                \setlength{\headheight}{59.81941pt}.
(fancyhdr)                You might also make \topmargin smaller:
(fancyhdr)                \addtolength{\topmargin}{-49.81941pt}.

[33]
sections/03-implementasi.tex:215: ignored error: Infinite glue shrinkage found in box being split
File: public/logo-itb.png Graphic file (type png)
<use public/logo-itb.png>
Package pdftex.def Info: public/logo-itb.png  used on input line 215.
(pdftex.def)             Requested size: 42.95348pt x 42.67912pt.
File: public/logo-stei.png Graphic file (type png)
<use public/logo-stei.png>
Package pdftex.def Info: public/logo-stei.png  used on input line 215.
(pdftex.def)             Requested size: 55.93837pt x 42.67912pt.


Package fancyhdr Warning: \headheight is too small (10.0pt): 
(fancyhdr)                Make it at least 59.81941pt, for example:
(fancyhdr)                \setlength{\headheight}{59.81941pt}.
(fancyhdr)                You might also make \topmargin smaller:
(fancyhdr)                \addtolength{\topmargin}{-49.81941pt}.

[34]
Underfull \hbox (badness 1558) in paragraph at lines 278--278
[]|\T1/cmr/m/n/12 Memvalidasi kon-fi-gu-ra-si
 []


Underfull \hbox (badness 2582) in paragraph at lines 282--283
\T1/cmr/m/n/12 at ini, dan arah ge-rak-an, la-lu meng-em-ba-lik-an
 []


Underfull \hbox (badness 10000) in paragraph at lines 288--288
[]|\T1/cmr/m/n/12 Menjalankan al-go-ri-tma
 []


Underfull \hbox (badness 10000) in paragraph at lines 294--295
[]|\T1/cmr/m/n/12 Program meng-gu-nak-an
 []


Underfull \hbox (badness 10000) in paragraph at lines 294--295
\T1/cmtt/m/n/12 std::chrono::high_resolution_clock \T1/cmr/m/n/12 un-tuk
 []

sections/03-implementasi.tex:304: ignored error: Infinite glue shrinkage found in box being split
File: public/logo-itb.png Graphic file (type png)
<use public/logo-itb.png>
Package pdftex.def Info: public/logo-itb.png  used on input line 304.
(pdftex.def)             Requested size: 42.95348pt x 42.67912pt.
File: public/logo-stei.png Graphic file (type png)
<use public/logo-stei.png>
Package pdftex.def Info: public/logo-stei.png  used on input line 304.
(pdftex.def)             Requested size: 55.93837pt x 42.67912pt.


Package fancyhdr Warning: \headheight is too small (10.0pt): 
(fancyhdr)                Make it at least 59.81941pt, for example:
(fancyhdr)                \setlength{\headheight}{59.81941pt}.
(fancyhdr)                You might also make \topmargin smaller:
(fancyhdr)                \addtolength{\topmargin}{-49.81941pt}.

[35]
LaTeX Font Info:    Font shape `T1/cmtt/bx/n' in size <12> not available
(Font)              Font shape `T1/cmtt/m/n' tried instead on input line 318.
File: public/logo-itb.png Graphic file (type png)
<use public/logo-itb.png>
Package pdftex.def Info: public/logo-itb.png  used on input line 334.
(pdftex.def)             Requested size: 42.95348pt x 42.67912pt.
File: public/logo-stei.png Graphic file (type png)
<use public/logo-stei.png>
Package pdftex.def Info: public/logo-stei.png  used on input line 334.
(pdftex.def)             Requested size: 55.93837pt x 42.67912pt.


Package fancyhdr Warning: \headheight is too small (10.0pt): 
(fancyhdr)                Make it at least 59.81941pt, for example:
(fancyhdr)                \setlength{\headheight}{59.81941pt}.
(fancyhdr)                You might also make \topmargin smaller:
(fancyhdr)                \addtolength{\topmargin}{-49.81941pt}.

[36]
Overfull \hbox (16.32243pt too wide) in paragraph at lines 374--374
[]    \T1/cmtt/m/n/10.95 if (a.getGCost() != b.getGCost()) return a.getGCost() > b.getGCost();[] 
 []


Overfull \hbox (27.63918pt too wide) in paragraph at lines 377--377
[]\T1/cmtt/m/n/10.95 std::priority_queue<State, std::vector<State>, decltype(cmp)> openSet(cmp);[] 
 []


Underfull \hbox (badness 1472) in paragraph at lines 388--388
[]|\T1/cmr/bx/n/12 Bagian Im-ple-men-
 []


Overfull \hbox (15.83232pt too wide) in paragraph at lines 396--396
[]|\T1/cmtt/m/n/12 MovementEngine::slide| 
 []

File: public/logo-itb.png Graphic file (type png)
<use public/logo-itb.png>
Package pdftex.def Info: public/logo-itb.png  used on input line 402.
(pdftex.def)             Requested size: 42.95348pt x 42.67912pt.
File: public/logo-stei.png Graphic file (type png)
<use public/logo-stei.png>
Package pdftex.def Info: public/logo-stei.png  used on input line 402.
(pdftex.def)             Requested size: 55.93837pt x 42.67912pt.

Package fancyhdr Warning: \headheight is too small (10.0pt): 
(fancyhdr)                Make it at least 59.81941pt, for example:
(fancyhdr)                \setlength{\headheight}{59.81941pt}.
(fancyhdr)                You might also make \topmargin smaller:
(fancyhdr)                \addtolength{\topmargin}{-49.81941pt}.

[37]
Overfull \hbox (16.32243pt too wide) in paragraph at lines 447--447
[]    \T1/cmtt/m/n/10.95 if (a.getHCost() != b.getHCost()) return a.getHCost() > b.getHCost();[] 
 []


Overfull \hbox (27.63918pt too wide) in paragraph at lines 450--450
[]\T1/cmtt/m/n/10.95 std::priority_queue<State, std::vector<State>, decltype(cmp)> openSet(cmp);[] 
 []

File: public/logo-itb.png Graphic file (type png)
<use public/logo-itb.png>
Package pdftex.def Info: public/logo-itb.png  used on input line 474.
(pdftex.def)             Requested size: 42.95348pt x 42.67912pt.
File: public/logo-stei.png Graphic file (type png)
<use public/logo-stei.png>
Package pdftex.def Info: public/logo-stei.png  used on input line 474.
(pdftex.def)             Requested size: 55.93837pt x 42.67912pt.

Package fancyhdr Warning: \headheight is too small (10.0pt): 
(fancyhdr)                Make it at least 59.81941pt, for example:
(fancyhdr)                \setlength{\headheight}{59.81941pt}.
(fancyhdr)                You might also make \topmargin smaller:
(fancyhdr)                \addtolength{\topmargin}{-49.81941pt}.

[38]
Underfull \hbox (badness 1472) in paragraph at lines 481--481
[]|\T1/cmr/bx/n/12 Bagian Im-ple-men-
 []

File: public/logo-itb.png Graphic file (type png)
<use public/logo-itb.png>
Package pdftex.def Info: public/logo-itb.png  used on input line 527.
(pdftex.def)             Requested size: 42.95348pt x 42.67912pt.
File: public/logo-stei.png Graphic file (type png)
<use public/logo-stei.png>
Package pdftex.def Info: public/logo-stei.png  used on input line 527.
(pdftex.def)             Requested size: 55.93837pt x 42.67912pt.

Package fancyhdr Warning: \headheight is too small (10.0pt): 
(fancyhdr)                Make it at least 59.81941pt, for example:
(fancyhdr)                \setlength{\headheight}{59.81941pt}.
(fancyhdr)                You might also make \topmargin smaller:
(fancyhdr)                \addtolength{\topmargin}{-49.81941pt}.

[39]
Overfull \hbox (27.63918pt too wide) in paragraph at lines 540--540
[]\T1/cmtt/m/n/10.95 std::priority_queue<State, std::vector<State>, decltype(cmp)> openSet(cmp);[] 
 []


Underfull \hbox (badness 1472) in paragraph at lines 580--580
[]|\T1/cmr/bx/n/12 Bagian Im-ple-men-
 []


Overfull \hbox (15.83232pt too wide) in paragraph at lines 590--590
[]|\T1/cmtt/m/n/12 MovementEngine::slide| 
 []

File: public/logo-itb.png Graphic file (type png)
<use public/logo-itb.png>
Package pdftex.def Info: public/logo-itb.png  used on input line 594.
(pdftex.def)             Requested size: 42.95348pt x 42.67912pt.
File: public/logo-stei.png Graphic file (type png)
<use public/logo-stei.png>
Package pdftex.def Info: public/logo-stei.png  used on input line 594.
(pdftex.def)             Requested size: 55.93837pt x 42.67912pt.

Package fancyhdr Warning: \headheight is too small (10.0pt): 
(fancyhdr)                Make it at least 59.81941pt, for example:
(fancyhdr)                \setlength{\headheight}{59.81941pt}.
(fancyhdr)                You might also make \topmargin smaller:
(fancyhdr)                \addtolength{\topmargin}{-49.81941pt}.

[40]
File: public/logo-itb.png Graphic file (type png)
<use public/logo-itb.png>
Package pdftex.def Info: public/logo-itb.png  used on input line 651.
(pdftex.def)             Requested size: 42.95348pt x 42.67912pt.
File: public/logo-stei.png Graphic file (type png)
<use public/logo-stei.png>
Package pdftex.def Info: public/logo-stei.png  used on input line 651.
(pdftex.def)             Requested size: 55.93837pt x 42.67912pt.


Package fancyhdr Warning: \headheight is too small (10.0pt): 
(fancyhdr)                Make it at least 59.81941pt, for example:
(fancyhdr)                \setlength{\headheight}{59.81941pt}.
(fancyhdr)                You might also make \topmargin smaller:
(fancyhdr)                \addtolength{\topmargin}{-49.81941pt}.

[41]
Underfull \hbox (badness 10000) in paragraph at lines 671--671
[]|\T1/cmr/m/n/12 Membersihkan ha-sil
 []

)
File: public/logo-itb.png Graphic file (type png)
<use public/logo-itb.png>
Package pdftex.def Info: public/logo-itb.png  used on input line 143.
(pdftex.def)             Requested size: 42.95348pt x 42.67912pt.
File: public/logo-stei.png Graphic file (type png)
<use public/logo-stei.png>
Package pdftex.def Info: public/logo-stei.png  used on input line 143.
(pdftex.def)             Requested size: 55.93837pt x 42.67912pt.


Package fancyhdr Warning: \headheight is too small (10.0pt): 
(fancyhdr)                Make it at least 59.81941pt, for example:
(fancyhdr)                \setlength{\headheight}{59.81941pt}.
(fancyhdr)                You might also make \topmargin smaller:
(fancyhdr)                \addtolength{\topmargin}{-49.81941pt}.

[42]
File: public/logo-itb.png Graphic file (type png)
<use public/logo-itb.png>
Package pdftex.def Info: public/logo-itb.png  used on input line 144.
(pdftex.def)             Requested size: 42.95348pt x 42.67912pt.
File: public/logo-stei.png Graphic file (type png)
<use public/logo-stei.png>
Package pdftex.def Info: public/logo-stei.png  used on input line 144.
(pdftex.def)             Requested size: 55.93837pt x 42.67912pt.


Package fancyhdr Warning: \headheight is too small (10.0pt): 
(fancyhdr)                Make it at least 59.81941pt, for example:
(fancyhdr)                \setlength{\headheight}{59.81941pt}.
(fancyhdr)                You might also make \topmargin smaller:
(fancyhdr)                \addtolength{\topmargin}{-49.81941pt}.

[43]
Bab 4.
(sections/04-eksperimen.tex)
File: public/logo-itb.png Graphic file (type png)
<use public/logo-itb.png>
Package pdftex.def Info: public/logo-itb.png  used on input line 147.
(pdftex.def)             Requested size: 31.50333pt x 31.2982pt.
File: public/logo-stei.png Graphic file (type png)
<use public/logo-stei.png>
Package pdftex.def Info: public/logo-stei.png  used on input line 147.
(pdftex.def)             Requested size: 41.01402pt x 31.2982pt.


Package fancyhdr Warning: \headheight is too small (10.0pt): 
(fancyhdr)                Make it at least 48.79674pt, for example:
(fancyhdr)                \setlength{\headheight}{48.79674pt}.
(fancyhdr)                You might also make \topmargin smaller:
(fancyhdr)                \addtolength{\topmargin}{-38.79674pt}.

[44

]
Bab 5.
(sections/05-penutup.tex)
File: public/logo-itb.png Graphic file (type png)
<use public/logo-itb.png>
Package pdftex.def Info: public/logo-itb.png  used on input line 150.
(pdftex.def)             Requested size: 31.50333pt x 31.2982pt.
File: public/logo-stei.png Graphic file (type png)
<use public/logo-stei.png>
Package pdftex.def Info: public/logo-stei.png  used on input line 150.
(pdftex.def)             Requested size: 41.01402pt x 31.2982pt.


Package fancyhdr Warning: \headheight is too small (10.0pt): 
(fancyhdr)                Make it at least 48.79674pt, for example:
(fancyhdr)                \setlength{\headheight}{48.79674pt}.
(fancyhdr)                You might also make \topmargin smaller:
(fancyhdr)                \addtolength{\topmargin}{-38.79674pt}.

[45

]
Bab 6.
(sections/06-lampiran.tex) (main.bbl
File: public/logo-itb.png Graphic file (type png)
<use public/logo-itb.png>
Package pdftex.def Info: public/logo-itb.png  used on input line 2.
(pdftex.def)             Requested size: 31.50333pt x 31.2982pt.
File: public/logo-stei.png Graphic file (type png)
<use public/logo-stei.png>
Package pdftex.def Info: public/logo-stei.png  used on input line 2.
(pdftex.def)             Requested size: 41.01402pt x 31.2982pt.


Package fancyhdr Warning: \headheight is too small (10.0pt): 
(fancyhdr)                Make it at least 48.79674pt, for example:
(fancyhdr)                \setlength{\headheight}{48.79674pt}.
(fancyhdr)                You might also make \topmargin smaller:
(fancyhdr)                \addtolength{\topmargin}{-38.79674pt}.

[46

]

LaTeX Warning: Empty `thebibliography' environment on input line 24.

)
File: public/logo-itb.png Graphic file (type png)
<use public/logo-itb.png>
Package pdftex.def Info: public/logo-itb.png  used on input line 155.
(pdftex.def)             Requested size: 31.50333pt x 31.2982pt.
File: public/logo-stei.png Graphic file (type png)
<use public/logo-stei.png>
Package pdftex.def Info: public/logo-stei.png  used on input line 155.
(pdftex.def)             Requested size: 41.01402pt x 31.2982pt.


Package fancyhdr Warning: \headheight is too small (10.0pt): 
(fancyhdr)                Make it at least 48.79674pt, for example:
(fancyhdr)                \setlength{\headheight}{48.79674pt}.
(fancyhdr)                You might also make \topmargin smaller:
(fancyhdr)                \addtolength{\topmargin}{-38.79674pt}.

[47

] (main.aux)
 ***********
LaTeX2e <2025-11-01>
L3 programming layer <2025-12-24>
 ***********
Package rerunfilecheck Info: File `main.out' has not changed.
(rerunfilecheck)             Checksum: 19D01161A6AE3678BA0D983F63C29A5F;8784.
 ) 
Here is how much of TeX's memory you used:
 42090 strings out of 467871
 929341 string characters out of 5428443
 1479184 words of memory out of 5000000
 70223 multiletter control sequences out of 15000+600000
 649666 words of font info for 94 fonts, out of 8000000 for 9000
 1141 hyphenation exceptions out of 8191
 106i,15n,118p,1661b,1455s stack positions out of 10000i,1000n,20000p,200000b,200000s
 <C:\Users\atias\AppData\Local\MiKTeX\fonts/pk/ljfour/jknappen/ec/dpi600\ecrm0800.pk> <C:\Users\atias\AppData\Local\MiKTeX\fonts/pk/ljfour/jknappen/ec/dpi600\tcrm1200.pk> <C:\Users\atias\AppData\Local\MiKTeX\fonts/pk/ljfour/jknappen/ec/dpi600\ecbx1095.pk> <C:\Users\atias\AppData\Local\MiKTeX\fonts/pk/ljfour/jknappen/ec/dpi600\ecbx1440.pk> <C:\Users\atias\AppData\Local\MiKTeX\fonts/pk/ljfour/jknappen/ec/dpi600\ectt1095.pk> <C:\Users\atias\AppData\Local\MiKTeX\fonts/pk/ljfour/jknappen/ec/dpi600\ecbx1728.pk> <C:\Users\atias\AppData\Local\MiKTeX\fonts/pk/ljfour/jknappen/ec/dpi600\ectt1200.pk> <C:\Users\atias\AppData\Local\MiKTeX\fonts/pk/ljfour/jknappen/ec/dpi600\ecti1200.pk> <C:\Users\atias\AppData\Local\MiKTeX\fonts/pk/ljfour/jknappen/ec/dpi600\ecbi1200.pk> <C:\Users\atias\AppData\Local\MiKTeX\fonts/pk/ljfour/jknappen/ec/dpi600\ecrm1095.pk> <C:\Users\atias\AppData\Local\MiKTeX\fonts/pk/ljfour/jknappen/ec/dpi600\ecbx2488.pk> <C:\Users\atias\AppData\Local\MiKTeX\fonts/pk/ljfour/jknappen/ec/dpi600\ecrm1200.pk> <C:\Users\atias\AppData\Local\MiKTeX\fonts/pk/ljfour/jknappen/ec/dpi600\ecbx1200.pk> <C:\Users\atias\AppData\Local\MiKTeX\fonts/pk/ljfour/jknappen/ec/dpi600\ecrm1440.pk> <C:\Users\atias\AppData\Local\MiKTeX\fonts/pk/ljfour/jknappen/ec/dpi600\ecbx2074.pk><C:/Program Files/MiKTeX/fonts/type1/public/amsfonts/cm/cmex10.pfb><C:/Program Files/MiKTeX/fonts/type1/public/amsfonts/cm/cmmi10.pfb><C:/Program Files/MiKTeX/fonts/type1/public/amsfonts/cm/cmmi12.pfb><C:/Program Files/MiKTeX/fonts/type1/public/amsfonts/cm/cmmi6.pfb><C:/Program Files/MiKTeX/fonts/type1/public/amsfonts/cm/cmmi8.pfb><C:/Program Files/MiKTeX/fonts/type1/public/amsfonts/cm/cmr10.pfb><C:/Program Files/MiKTeX/fonts/type1/public/amsfonts/cm/cmr12.pfb><C:/Program Files/MiKTeX/fonts/type1/public/amsfonts/cm/cmr8.pfb><C:/Program Files/MiKTeX/fonts/type1/public/amsfonts/cm/cmsy10.pfb><C:/Program Files/MiKTeX/fonts/type1/public/amsfonts/cm/cmsy8.pfb>
Output written on main.pdf (48 pages, 1316216 bytes).
PDF statistics:
 1309 PDF objects out of 1440 (max. 8388607)
 147 named destinations out of 1000 (max. 500000)
 588 words of extra memory for PDF output out of 10000 (max. 10000000)

